2012-04-21T15:36:42.457-04:00| vmx| I120: Log for VMware Player pid=5076 version=4.0.2 build=build-591240 option=Release
2012-04-21T15:36:42.457-04:00| vmx| I120: The process is 64-bit.
2012-04-21T15:36:42.457-04:00| vmx| I120: Host codepage=windows-1252 encoding=windows-1252
2012-04-21T15:36:42.457-04:00| vmx| I120: Host is Windows 7 Enterprise, 64-bit  (Build 7600)
2012-04-21T15:36:41.958-04:00| vmx| I120: VTHREAD initialize main thread 0 "vmx" host id 984
2012-04-21T15:36:41.958-04:00| vmx| I120: LOCALE windows-1252 -> NULL User=409 System=409
2012-04-21T15:36:41.958-04:00| vmx| I120: Msg_SetLocaleEx: HostLocale=windows-1252 UserLocale=NULL
2012-04-21T15:36:42.005-04:00| vmx| I120: Msg_Reset:
2012-04-21T15:36:42.005-04:00| vmx| I120: [msg.dictionary.load.openFailed] Cannot open file "C:\ProgramData\VMware\VMware Workstation\config.ini": The system cannot find the file specified.
2012-04-21T15:36:42.005-04:00| vmx| I120: ----------------------------------------
2012-04-21T15:36:42.005-04:00| vmx| I120: ConfigDB: Failed to load C:\ProgramData\VMware\VMware Workstation\config.ini
2012-04-21T15:36:42.005-04:00| vmx| I120: Msg_Reset:
2012-04-21T15:36:42.005-04:00| vmx| I120: [msg.dictionary.load.openFailed] Cannot open file "C:\ProgramData\VMware\VMware Workstation\config.ini": The system cannot find the file specified.
2012-04-21T15:36:42.005-04:00| vmx| I120: ----------------------------------------
2012-04-21T15:36:42.005-04:00| vmx| I120: ConfigDB: Failed to load C:\ProgramData\VMware\VMware Workstation\config.ini
2012-04-21T15:36:42.005-04:00| vmx| I120: Msg_Reset:
2012-04-21T15:36:42.005-04:00| vmx| I120: [msg.dictionary.load.openFailed] Cannot open file "C:\ProgramData\VMware\VMware Workstation\settings.ini": The system cannot find the file specified.
2012-04-21T15:36:42.005-04:00| vmx| I120: ----------------------------------------
2012-04-21T15:36:42.005-04:00| vmx| I120: ConfigDB: Failed to load C:\ProgramData\VMware\VMware Workstation\settings.ini
2012-04-21T15:36:42.005-04:00| vmx| I120: Msg_Reset:
2012-04-21T15:36:42.005-04:00| vmx| I120: [msg.dictionary.load.openFailed] Cannot open file "C:\Users\admin\AppData\Roaming\VMware\config.ini": The system cannot find the file specified.
2012-04-21T15:36:42.005-04:00| vmx| I120: ----------------------------------------
2012-04-21T15:36:42.005-04:00| vmx| I120: ConfigDB: Failed to load C:\Users\admin\AppData\Roaming\VMware\config.ini
2012-04-21T15:36:42.020-04:00| vmx| I120: Msg_Reset:
2012-04-21T15:36:42.020-04:00| vmx| I120: [msg.dictionary.load.openFailed] Cannot open file "C:\ProgramData\VMware\VMware Player\settings.ini": The system cannot find the file specified.
2012-04-21T15:36:42.020-04:00| vmx| I120: ----------------------------------------
2012-04-21T15:36:42.020-04:00| vmx| I120: PREF Optional preferences file not found at C:\ProgramData\VMware\VMware Player\settings.ini. Using default values.
2012-04-21T15:36:42.020-04:00| vmx| I120: Msg_Reset:
2012-04-21T15:36:42.020-04:00| vmx| I120: [msg.dictionary.load.openFailed] Cannot open file "C:\Users\admin\AppData\Roaming\VMware\config.ini": The system cannot find the file specified.
2012-04-21T15:36:42.020-04:00| vmx| I120: ----------------------------------------
2012-04-21T15:36:42.020-04:00| vmx| I120: PREF Optional preferences file not found at C:\Users\admin\AppData\Roaming\VMware\config.ini. Using default values.
2012-04-21T15:36:42.020-04:00| vmx| I120: FILE: FileLockDynaLink: Further process validation tools are: available
2012-04-21T15:36:42.457-04:00| vmx| I120: Hostname=mastermachine
2012-04-21T15:36:42.457-04:00| vmx| I120: IP=fe80::6cec:1fd:40d6:4834%11
2012-04-21T15:36:42.457-04:00| vmx| I120: IP=fe80::c437:4a59:8f0e:6f71%17
2012-04-21T15:36:42.457-04:00| vmx| I120: IP=fe80::a441:b44a:5f89:1929%19
2012-04-21T15:36:42.457-04:00| vmx| I120: IP=fe80::143b:fb9e:7895:70ef%23
2012-04-21T15:36:42.457-04:00| vmx| I120: IP=fe80::d158:3083:443b:eea5%24
2012-04-21T15:36:42.457-04:00| vmx| I120: IP=2620:9b::558:7558
2012-04-21T15:36:42.457-04:00| vmx| I120: IP=169.254.111.113
2012-04-21T15:36:42.457-04:00| vmx| I120: IP=10.0.0.6
2012-04-21T15:36:42.457-04:00| vmx| I120: IP=192.168.42.1
2012-04-21T15:36:42.457-04:00| vmx| I120: IP=192.168.206.1
2012-04-21T15:36:42.457-04:00| vmx| I120: IP=5.88.117.88
2012-04-21T15:36:42.457-04:00| vmx| I120: HOSTINFO 89697384716 @ 3139316Hz -> 0 @ 1000000000Hz
2012-04-21T15:36:42.457-04:00| vmx| I120: HOSTINFO ((x * 2672113288) >> 23) + -28572270107087
2012-04-21T15:36:42.488-04:00| vmx| I120: System uptime 28572330400 us
2012-04-21T15:36:42.488-04:00| vmx| I120: Command line: "C:\Program Files (x86)\VMware\VMware Player\x64\vmware-vmx.exe" "-T" "querytoken" "-ssnapshot.numRollingTiers=0" "-sRemoteDisplay.vnc.enabled=FALSE" "-s" "vmx.stdio.keep=TRUE" "-#" "product=8;name=VMware Player;version=4.0.2;buildnumber=591240;licensename=VMware Player;licenseversion=6.0;" "-@" "pipe=\\.\pipe\vmxb2fbdde4d19e49e3;" "Y:\weblinux\weblinux core 2.0\weblinux core 2.0.vmx"
2012-04-21T15:36:42.488-04:00| vmx| I120: Msg_SetLocaleEx: HostLocale=windows-1252 UserLocale=NULL
2012-04-21T15:36:42.644-04:00| vmx| I120: UI Connecting to pipe '\\.\pipe\vmxb2fbdde4d19e49e3' with user '(null)'
2012-04-21T15:36:42.644-04:00| vmx| I120: VMXVmdb: Local connection timeout: 60000 ms.
2012-04-21T15:36:42.707-04:00| vmx| I120: VmdbAddConnection: cnxPath=/db/connection/#1/, cnxIx=1
2012-04-21T15:36:42.707-04:00| vmx| I120: Vix: [984 mainDispatch.c:483]: VMAutomation: Initializing VMAutomation.
2012-04-21T15:36:42.707-04:00| vmx| I120: Vix: [984 mainDispatch.c:780]: VMAutomationOpenListenerSocket() listening
2012-04-21T15:36:42.738-04:00| vmx| I120: Vix: [984 mainDispatch.c:4067]: VMAutomation_ReportPowerOpFinished: statevar=0, newAppState=1870, success=1 additionalError=0
2012-04-21T15:36:42.738-04:00| vmx| I120: Transitioned vmx/execState/val to poweredOff
2012-04-21T15:36:42.738-04:00| vmx| I120: Vix: [984 mainDispatch.c:4067]: VMAutomation_ReportPowerOpFinished: statevar=1, newAppState=1873, success=1 additionalError=0
2012-04-21T15:36:42.738-04:00| vmx| I120: Vix: [984 mainDispatch.c:4067]: VMAutomation_ReportPowerOpFinished: statevar=2, newAppState=1877, success=1 additionalError=0
2012-04-21T15:36:42.738-04:00| vmx| I120: Vix: [984 mainDispatch.c:4067]: VMAutomation_ReportPowerOpFinished: statevar=3, newAppState=1881, success=1 additionalError=0
2012-04-21T15:36:42.738-04:00| vmx| I120: HD: host version is 6.1.7600
2012-04-21T15:36:42.738-04:00| vmx| I120: HD: addr fffff80002add6f0
2012-04-21T15:36:42.738-04:00| vmx| I120: HD: fffff80002c47c00, 0
2012-04-21T15:36:42.738-04:00| vmx| W110: Can't set WSS, error 1314
2012-04-21T15:36:42.738-04:00| vmx| I120: VerificationOfHostParameters status 1
2012-04-21T15:36:42.738-04:00| vmx| W110: VMX can't verify host parameters.
2012-04-21T15:36:42.738-04:00| vmx| I120: VMMon_GetkHzEstimate: Calculated 3214659 kHz
2012-04-21T15:36:42.754-04:00| vmx| I120: VMMon_RememberkHzEstimate: Calculated 3214699 kHz
2012-04-21T15:36:42.754-04:00| vmx| I120: TSC kHz estimates: vmmon 3214659, remembered 3214699, osReported 3200000. Using 3214699 kHz.
2012-04-21T15:36:42.754-04:00| vmx| I120: CPU # 0 TSC = 91851039231288
2012-04-21T15:36:42.754-04:00| vmx| I120: CPU # 1 TSC = 91851039229210
2012-04-21T15:36:42.754-04:00| vmx| I120: CPU # 2 TSC = 91851039231704
2012-04-21T15:36:42.754-04:00| vmx| I120: CPU # 3 TSC = 91851039228989
2012-04-21T15:36:42.754-04:00| vmx| I120: TSC first measured delta 2715
2012-04-21T15:36:42.754-04:00| vmx| I120: TSC min delta 844
2012-04-21T15:36:42.754-04:00| vmx| I120: PTSC: RefClockToPTSC 0 @ 3139316Hz -> 0 @ 3214699000Hz
2012-04-21T15:36:42.754-04:00| vmx| I120: PTSC: RefClockToPTSC ((x * 2147509979) >> 21) + -91852165841904
2012-04-21T15:36:42.754-04:00| vmx| I120: PTSC: tscOffset -91851039625240
2012-04-21T15:36:42.754-04:00| vmx| I120: PTSC: using TSC
2012-04-21T15:36:42.754-04:00| vmx| I120: PTSC: hardware TSCs are synchronized.
2012-04-21T15:36:42.754-04:00| vmx| I120: PTSC: current PTSC=268767
2012-04-21T15:36:42.754-04:00| vmx| I120: hostCPUID vendor: AuthenticAMD
2012-04-21T15:36:42.754-04:00| vmx| I120: hostCPUID family: 0x10 model: 0x5 stepping: 0x3
2012-04-21T15:36:42.754-04:00| vmx| I120: hostCPUID codename: K10 Opteron -- Unknown codename
2012-04-21T15:36:42.754-04:00| vmx| I120: hostCPUID name: AMD Phenom(tm) II X4 840 Processor
2012-04-21T15:36:42.754-04:00| vmx| I120: hostCPUID level 00000000, 0: 0x00000005 0x68747541 0x444d4163 0x69746e65
2012-04-21T15:36:42.754-04:00| vmx| I120: hostCPUID level 00000001, 0: 0x00100f53 0x00040800 0x00802009 0x178bfbff
2012-04-21T15:36:42.754-04:00| vmx| I120: hostCPUID level 00000002, 0: 0x00000000 0x00000000 0x00000000 0x00000000
2012-04-21T15:36:42.754-04:00| vmx| I120: hostCPUID level 00000003, 0: 0x00000000 0x00000000 0x00000000 0x00000000
2012-04-21T15:36:42.754-04:00| vmx| I120: hostCPUID level 00000004, 0: 0x00000000 0x00000000 0x00000000 0x00000000
2012-04-21T15:36:42.754-04:00| vmx| I120: hostCPUID level 00000005, 0: 0x00000040 0x00000040 0x00000003 0x00000000
2012-04-21T15:36:42.754-04:00| vmx| I120: hostCPUID level 80000000, 0: 0x8000001b 0x68747541 0x444d4163 0x69746e65
2012-04-21T15:36:42.754-04:00| vmx| I120: hostCPUID level 80000001, 0: 0x00100f53 0x10002286 0x000037ff 0xefd3fbff
2012-04-21T15:36:42.754-04:00| vmx| I120: hostCPUID level 80000002, 0: 0x20444d41 0x6e656850 0x74286d6f 0x4920296d
2012-04-21T15:36:42.754-04:00| vmx| I120: hostCPUID level 80000003, 0: 0x34582049 0x30343820 0x6f725020 0x73736563
2012-04-21T15:36:42.754-04:00| vmx| I120: hostCPUID level 80000004, 0: 0x0000726f 0x00000000 0x00000000 0x00000000
2012-04-21T15:36:42.754-04:00| vmx| I120: hostCPUID level 80000005, 0: 0xff30ff10 0xff30ff20 0x40020140 0x40020140
2012-04-21T15:36:42.754-04:00| vmx| I120: hostCPUID level 80000006, 0: 0x20800000 0x42004200 0x02008140 0x00000000
2012-04-21T15:36:42.754-04:00| vmx| I120: hostCPUID level 80000007, 0: 0x00000000 0x00000000 0x00000000 0x000001f9
2012-04-21T15:36:42.754-04:00| vmx| I120: hostCPUID level 80000008, 0: 0x00003030 0x00000000 0x00002003 0x00000000
2012-04-21T15:36:42.754-04:00| vmx| I120: hostCPUID level 80000009, 0: 0x00000000 0x00000000 0x00000000 0x00000000
2012-04-21T15:36:42.754-04:00| vmx| I120: hostCPUID level 8000000a, 0: 0x00000001 0x00000040 0x00000000 0x0000000f
2012-04-21T15:36:42.754-04:00| vmx| I120: hostCPUID level 8000000b, 0: 0x00000000 0x00000000 0x00000000 0x00000000
2012-04-21T15:36:42.754-04:00| vmx| I120: hostCPUID level 8000000c, 0: 0x00000000 0x00000000 0x00000000 0x00000000
2012-04-21T15:36:42.754-04:00| vmx| I120: hostCPUID level 8000000d, 0: 0x00000000 0x00000000 0x00000000 0x00000000
2012-04-21T15:36:42.754-04:00| vmx| I120: hostCPUID level 8000000e, 0: 0x00000000 0x00000000 0x00000000 0x00000000
2012-04-21T15:36:42.754-04:00| vmx| I120: hostCPUID level 8000000f, 0: 0x00000000 0x00000000 0x00000000 0x00000000
2012-04-21T15:36:42.754-04:00| vmx| I120: hostCPUID level 80000010, 0: 0x00000000 0x00000000 0x00000000 0x00000000
2012-04-21T15:36:42.754-04:00| vmx| I120: hostCPUID level 80000011, 0: 0x00000000 0x00000000 0x00000000 0x00000000
2012-04-21T15:36:42.754-04:00| vmx| I120: hostCPUID level 80000012, 0: 0x00000000 0x00000000 0x00000000 0x00000000
2012-04-21T15:36:42.754-04:00| vmx| I120: hostCPUID level 80000013, 0: 0x00000000 0x00000000 0x00000000 0x00000000
2012-04-21T15:36:42.754-04:00| vmx| I120: hostCPUID level 80000014, 0: 0x00000000 0x00000000 0x00000000 0x00000000
2012-04-21T15:36:42.754-04:00| vmx| I120: hostCPUID level 80000015, 0: 0x00000000 0x00000000 0x00000000 0x00000000
2012-04-21T15:36:42.754-04:00| vmx| I120: hostCPUID level 80000016, 0: 0x00000000 0x00000000 0x00000000 0x00000000
2012-04-21T15:36:42.754-04:00| vmx| I120: hostCPUID level 80000017, 0: 0x00000000 0x00000000 0x00000000 0x00000000
2012-04-21T15:36:42.754-04:00| vmx| I120: hostCPUID level 80000018, 0: 0x00000000 0x00000000 0x00000000 0x00000000
2012-04-21T15:36:42.754-04:00| vmx| I120: hostCPUID level 80000019, 0: 0xf0300000 0x60100000 0x00000000 0x00000000
2012-04-21T15:36:42.754-04:00| vmx| I120: hostCPUID level 8000001a, 0: 0x00000003 0x00000000 0x00000000 0x00000000
2012-04-21T15:36:42.754-04:00| vmx| I120: hostCPUID level 8000001b, 0: 0x0000001f 0x00000000 0x00000000 0x00000000
2012-04-21T15:36:42.754-04:00| vmx| I120: CPUID differences from hostCPUID.
2012-04-21T15:36:42.754-04:00| vmx| I120: CPUID[1] level 00000001, 0: 0x00100f53 0x01040800 0x00802009 0x178bfbff
2012-04-21T15:36:42.754-04:00| vmx| I120: CPUID[2] level 00000001, 0: 0x00100f53 0x03040800 0x00802009 0x178bfbff
2012-04-21T15:36:42.754-04:00| vmx| I120: CPUID[3] level 00000001, 0: 0x00100f53 0x02040800 0x00802009 0x178bfbff
2012-04-21T15:36:42.754-04:00| vmx| I120: CPUID Maximum Physical Address Bits supported across all CPUs: 48
2012-04-21T15:36:42.754-04:00| vmx| I120: VMIOP: Init started
2012-04-21T15:36:42.769-04:00| vmx| I120: MACWireless: registered wireless module "emulated"
2012-04-21T15:36:43.066-04:00| vmx| I120: ConfigCheck: No rules file found. Checks are disabled.
2012-04-21T15:36:43.066-04:00| vmx| I120: changing directory to Y:\weblinux\weblinux core 2.0\.
2012-04-21T15:36:43.066-04:00| vmx| I120: Config file: Y:\weblinux\weblinux core 2.0\weblinux core 2.0.vmx
2012-04-21T15:36:43.066-04:00| vmx| I120: Vix: [984 mainDispatch.c:4067]: VMAutomation_ReportPowerOpFinished: statevar=1, newAppState=1873, success=1 additionalError=0
2012-04-21T15:36:43.066-04:00| vmx| I120: Vix: [984 mainDispatch.c:4067]: VMAutomation_ReportPowerOpFinished: statevar=2, newAppState=1878, success=1 additionalError=0
2012-04-21T15:36:43.175-04:00| vmx| I120: VMXVmdbCbVmVmxExecState: Exec state change requested to state poweredOn without reset, soft, softOptionTimeout: 0.
2012-04-21T15:36:43.175-04:00| vmx| I120: TOOLS delaying state change request to state 3 (callback 0, clientData 0)
2012-04-21T15:36:43.175-04:00| vmx| W110: PowerOn
2012-04-21T15:36:43.175-04:00| vmx| I120: VMX_PowerOn: VMX build 591240, UI build 591240
2012-04-21T15:36:43.175-04:00| vmx| I120: HostWin32: WIN32 NUMA node 0, CPU mask 0x000000000000000f
2012-04-21T15:36:43.190-04:00| vmx| I120: Vix: [984 mainDispatch.c:4067]: VMAutomation_ReportPowerOpFinished: statevar=0, newAppState=1871, success=1 additionalError=0
2012-04-21T15:36:43.190-04:00| vmx| I120: HOST Windows version 6.1, build 7600, platform 2, "", SMP
2012-04-21T15:36:43.190-04:00| vmx| I120: DICT --- USER PREFERENCES C:\Users\admin\AppData\Roaming\VMware\preferences.ini 
2012-04-21T15:36:43.190-04:00| vmx| I120: DICT       pref.eula.0.appName = VMware Player
2012-04-21T15:36:43.190-04:00| vmx| I120: DICT   pref.eula.0.buildNumber = 591240
2012-04-21T15:36:43.190-04:00| vmx| I120: DICT     pref.trayicon.enabled = true
2012-04-21T15:36:43.190-04:00| vmx| I120: DICT       pref.usbDev.maxDevs = 0
2012-04-21T15:36:43.190-04:00| vmx| I120: DICT pref.keyboardAndMouse.maxProfiles = 0
2012-04-21T15:36:43.190-04:00| vmx| I120: DICT pref.updatesVersionIgnore0.key = paid
2012-04-21T15:36:43.190-04:00| vmx| I120: DICT pref.updatesVersionIgnore0.value = 74836d70-ef30-4ee4-ab20-b58810ef3688
2012-04-21T15:36:43.190-04:00| vmx| I120: DICT pref.updatesVersionIgnore.numItems = 1
2012-04-21T15:36:43.190-04:00| vmx| I120: DICT vmWizard.installMediaType = iso
2012-04-21T15:36:43.190-04:00| vmx| I120: DICT vmWizard.mruISO0.isoLocation = R:\disk image server\ubuntu 10.04 server 32-bit.iso
2012-04-21T15:36:43.190-04:00| vmx| I120: DICT         vmWizard.guestKey = ubuntu
2012-04-21T15:36:43.190-04:00| vmx| I120: DICT      pref.mruVM0.filename = Y:\weblinux\weblinux core 2.0\weblinux core 2.0.vmx
2012-04-21T15:36:43.190-04:00| vmx| I120: DICT   pref.mruVM0.displayname = weblinux core 2.0
2012-04-21T15:36:43.190-04:00| vmx| I120: DICT      pref.mruVM1.filename = C:\Users\admin\Documents\Virtual Machines\weblinuxcorpratevm\weblinuxcorpratevm.vmx
2012-04-21T15:36:43.190-04:00| vmx| I120: DICT   pref.mruVM1.displayname = weblinuxcorpratevm
2012-04-21T15:36:43.190-04:00| vmx| I120: DICT           hint.vmui.reset = FALSE
2012-04-21T15:36:43.190-04:00| vmx| I120: DICT hint.nfsmounted.persistent = FALSE
2012-04-21T15:36:43.190-04:00| vmx| I120: DICT hint.cui.toolsInfoBar.suppressible = FALSE
2012-04-21T15:36:43.190-04:00| vmx| I120: DICT      pref.mruVM2.filename = Y:\weblinux\weblinux desktop\weblinux desktop.vmx
2012-04-21T15:36:43.190-04:00| vmx| I120: DICT   pref.mruVM2.displayname = weblinux desktop
2012-04-21T15:36:43.190-04:00| vmx| I120: DICT vmWizard.mruISO1.isoLocation = R:\disk image server\ubuntu 10.04 32-bit.iso
2012-04-21T15:36:43.190-04:00| vmx| I120: DICT --- USER DEFAULTS C:\Users\admin\AppData\Roaming\VMware\config.ini 
2012-04-21T15:36:43.190-04:00| vmx| I120: DICT --- HOST DEFAULTS C:\ProgramData\VMware\VMware Player\config.ini 
2012-04-21T15:36:43.190-04:00| vmx| I120: DICT installerDefaults.autoSoftwareUpdateEnabled = yes
2012-04-21T15:36:43.190-04:00| vmx| I120: DICT installerDefaults.componentDownloadEnabled = yes
2012-04-21T15:36:43.190-04:00| vmx| I120: DICT installerDefaults.dataCollectionEnabled = yes
2012-04-21T15:36:43.190-04:00| vmx| I120: DICT --- SITE DEFAULTS C:\ProgramData\VMware\VMware Player\config.ini 
2012-04-21T15:36:43.190-04:00| vmx| I120: DICT installerDefaults.autoSoftwareUpdateEnabled = yes
2012-04-21T15:36:43.190-04:00| vmx| I120: DICT installerDefaults.componentDownloadEnabled = yes
2012-04-21T15:36:43.190-04:00| vmx| I120: DICT installerDefaults.dataCollectionEnabled = yes
2012-04-21T15:36:43.190-04:00| vmx| I120: DICT --- NONPERSISTENT
2012-04-21T15:36:43.190-04:00| vmx| I120: DICT  snapshot.numRollingTiers = 0
2012-04-21T15:36:43.190-04:00| vmx| I120: DICT RemoteDisplay.vnc.enabled = FALSE
2012-04-21T15:36:43.190-04:00| vmx| I120: DICT            vmx.stdio.keep = TRUE
2012-04-21T15:36:43.190-04:00| vmx| I120: DICT             gui.available = TRUE
2012-04-21T15:36:43.190-04:00| vmx| I120: DICT --- COMMAND LINE
2012-04-21T15:36:43.190-04:00| vmx| I120: DICT  snapshot.numRollingTiers = 0
2012-04-21T15:36:43.190-04:00| vmx| I120: DICT RemoteDisplay.vnc.enabled = FALSE
2012-04-21T15:36:43.190-04:00| vmx| I120: DICT            vmx.stdio.keep = TRUE
2012-04-21T15:36:43.190-04:00| vmx| I120: DICT             gui.available = TRUE
2012-04-21T15:36:43.190-04:00| vmx| I120: DICT --- RECORDING
2012-04-21T15:36:43.190-04:00| vmx| I120: DICT  snapshot.numRollingTiers = 0
2012-04-21T15:36:43.190-04:00| vmx| I120: DICT RemoteDisplay.vnc.enabled = FALSE
2012-04-21T15:36:43.190-04:00| vmx| I120: DICT            vmx.stdio.keep = TRUE
2012-04-21T15:36:43.190-04:00| vmx| I120: DICT             gui.available = TRUE
2012-04-21T15:36:43.190-04:00| vmx| I120: DICT --- CONFIGURATION Y:\weblinux\weblinux core 2.0\weblinux core 2.0.vmx 
2012-04-21T15:36:43.190-04:00| vmx| I120: DICT            config.version = 8
2012-04-21T15:36:43.190-04:00| vmx| I120: DICT         virtualHW.version = 8
2012-04-21T15:36:43.190-04:00| vmx| I120: DICT               vcpu.hotadd = TRUE
2012-04-21T15:36:43.190-04:00| vmx| I120: DICT             scsi0.present = TRUE
2012-04-21T15:36:43.190-04:00| vmx| I120: DICT          scsi0.virtualDev = lsilogic
2012-04-21T15:36:43.190-04:00| vmx| I120: DICT                   memsize = 1024
2012-04-21T15:36:43.190-04:00| vmx| I120: DICT                mem.hotadd = TRUE
2012-04-21T15:36:43.190-04:00| vmx| I120: DICT           scsi0:0.present = TRUE
2012-04-21T15:36:43.190-04:00| vmx| I120: DICT          scsi0:0.fileName = weblinux core 2.0-1.vmdk
2012-04-21T15:36:43.190-04:00| vmx| I120: DICT            ide1:0.present = TRUE
2012-04-21T15:36:43.190-04:00| vmx| I120: DICT           ide1:0.fileName = auto detect
2012-04-21T15:36:43.190-04:00| vmx| I120: DICT         ide1:0.deviceType = cdrom-raw
2012-04-21T15:36:43.190-04:00| vmx| I120: DICT          floppy0.fileType = device
2012-04-21T15:36:43.190-04:00| vmx| I120: DICT          floppy0.fileName = 
2012-04-21T15:36:43.190-04:00| vmx| I120: DICT      floppy0.clientDevice = FALSE
2012-04-21T15:36:43.190-04:00| vmx| I120: DICT         ethernet0.present = TRUE
2012-04-21T15:36:43.190-04:00| vmx| I120: DICT  ethernet0.connectionType = nat
2012-04-21T15:36:43.190-04:00| vmx| I120: DICT   ethernet0.wakeOnPcktRcv = FALSE
2012-04-21T15:36:43.190-04:00| vmx| I120: DICT     ethernet0.addressType = generated
2012-04-21T15:36:43.190-04:00| vmx| I120: DICT               usb.present = TRUE
2012-04-21T15:36:43.190-04:00| vmx| I120: DICT              ehci.present = TRUE
2012-04-21T15:36:43.190-04:00| vmx| I120: DICT             sound.present = TRUE
2012-04-21T15:36:43.190-04:00| vmx| I120: DICT            sound.fileName = -1
2012-04-21T15:36:43.190-04:00| vmx| I120: DICT          sound.autodetect = TRUE
2012-04-21T15:36:43.190-04:00| vmx| I120: DICT           serial0.present = TRUE
2012-04-21T15:36:43.190-04:00| vmx| I120: DICT          serial0.fileType = thinprint
2012-04-21T15:36:43.190-04:00| vmx| I120: DICT        pciBridge0.present = TRUE
2012-04-21T15:36:43.190-04:00| vmx| I120: DICT        pciBridge4.present = TRUE
2012-04-21T15:36:43.190-04:00| vmx| I120: DICT     pciBridge4.virtualDev = pcieRootPort
2012-04-21T15:36:43.190-04:00| vmx| I120: DICT      pciBridge4.functions = 8
2012-04-21T15:36:43.190-04:00| vmx| I120: DICT        pciBridge5.present = TRUE
2012-04-21T15:36:43.190-04:00| vmx| I120: DICT     pciBridge5.virtualDev = pcieRootPort
2012-04-21T15:36:43.190-04:00| vmx| I120: DICT      pciBridge5.functions = 8
2012-04-21T15:36:43.190-04:00| vmx| I120: DICT        pciBridge6.present = TRUE
2012-04-21T15:36:43.190-04:00| vmx| I120: DICT     pciBridge6.virtualDev = pcieRootPort
2012-04-21T15:36:43.190-04:00| vmx| I120: DICT      pciBridge6.functions = 8
2012-04-21T15:36:43.190-04:00| vmx| I120: DICT        pciBridge7.present = TRUE
2012-04-21T15:36:43.190-04:00| vmx| I120: DICT     pciBridge7.virtualDev = pcieRootPort
2012-04-21T15:36:43.190-04:00| vmx| I120: DICT      pciBridge7.functions = 8
2012-04-21T15:36:43.190-04:00| vmx| I120: DICT             vmci0.present = TRUE
2012-04-21T15:36:43.190-04:00| vmx| I120: DICT             hpet0.present = TRUE
2012-04-21T15:36:43.190-04:00| vmx| I120: DICT usb.vbluetooth.startConnected = TRUE
2012-04-21T15:36:43.190-04:00| vmx| I120: DICT               displayName = weblinux core 2.0
2012-04-21T15:36:43.190-04:00| vmx| I120: DICT                   guestOS = ubuntu
2012-04-21T15:36:43.190-04:00| vmx| I120: DICT                     nvram = weblinux core 2.0.nvram
2012-04-21T15:36:43.190-04:00| vmx| I120: DICT virtualHW.productCompatibility = hosted
2012-04-21T15:36:43.190-04:00| vmx| I120: DICT          gui.exitOnCLIHLT = FALSE
2012-04-21T15:36:43.190-04:00| vmx| I120: DICT        powerType.powerOff = hard
2012-04-21T15:36:43.190-04:00| vmx| I120: DICT         powerType.powerOn = hard
2012-04-21T15:36:43.190-04:00| vmx| I120: DICT         powerType.suspend = hard
2012-04-21T15:36:43.190-04:00| vmx| I120: DICT           powerType.reset = hard
2012-04-21T15:36:43.190-04:00| vmx| I120: DICT        extendedConfigFile = weblinux core 2.0.vmxf
2012-04-21T15:36:43.190-04:00| vmx| I120: DICT ethernet0.generatedAddress = 00:0c:29:d4:4f:df
2012-04-21T15:36:43.190-04:00| vmx| I120: DICT                  vmci0.id = 886329311
2012-04-21T15:36:43.190-04:00| vmx| I120: DICT             uuid.location = 56 4d 32 59 7a ad 78 be-46 fe 4b 7c 34 d4 4f df
2012-04-21T15:36:43.190-04:00| vmx| I120: DICT                 uuid.bios = 56 4d 32 59 7a ad 78 be-46 fe 4b 7c 34 d4 4f df
2012-04-21T15:36:43.190-04:00| vmx| I120: DICT             cleanShutdown = TRUE
2012-04-21T15:36:43.190-04:00| vmx| I120: DICT          replay.supported = FALSE
2012-04-21T15:36:43.190-04:00| vmx| I120: DICT           replay.filename = 
2012-04-21T15:36:43.190-04:00| vmx| I120: DICT              scsi0:0.redo = 
2012-04-21T15:36:43.190-04:00| vmx| I120: DICT  pciBridge0.pciSlotNumber = 17
2012-04-21T15:36:43.190-04:00| vmx| I120: DICT  pciBridge4.pciSlotNumber = 21
2012-04-21T15:36:43.190-04:00| vmx| I120: DICT  pciBridge5.pciSlotNumber = 22
2012-04-21T15:36:43.190-04:00| vmx| I120: DICT  pciBridge6.pciSlotNumber = 23
2012-04-21T15:36:43.190-04:00| vmx| I120: DICT  pciBridge7.pciSlotNumber = 24
2012-04-21T15:36:43.190-04:00| vmx| I120: DICT       scsi0.pciSlotNumber = 16
2012-04-21T15:36:43.190-04:00| vmx| I120: DICT         usb.pciSlotNumber = 32
2012-04-21T15:36:43.190-04:00| vmx| I120: DICT   ethernet0.pciSlotNumber = 33
2012-04-21T15:36:43.190-04:00| vmx| I120: DICT       sound.pciSlotNumber = 34
2012-04-21T15:36:43.190-04:00| vmx| I120: DICT        ehci.pciSlotNumber = 35
2012-04-21T15:36:43.190-04:00| vmx| I120: DICT       vmci0.pciSlotNumber = 36
2012-04-21T15:36:43.190-04:00| vmx| I120: DICT             usb:1.present = TRUE
2012-04-21T15:36:43.190-04:00| vmx| I120: DICT ethernet0.generatedAddressOffset = 0
2012-04-21T15:36:43.190-04:00| vmx| I120: DICT  vmotion.checkpointFBSize = 33554432
2012-04-21T15:36:43.190-04:00| vmx| I120: DICT               usb:1.speed = 2
2012-04-21T15:36:43.190-04:00| vmx| I120: DICT          usb:1.deviceType = hub
2012-04-21T15:36:43.190-04:00| vmx| I120: DICT                usb:1.port = 1
2012-04-21T15:36:43.190-04:00| vmx| I120: DICT              usb:1.parent = -1
2012-04-21T15:36:43.190-04:00| vmx| I120: DICT        floppy0.autodetect = TRUE
2012-04-21T15:36:43.190-04:00| vmx| I120: DICT         ide1:0.autodetect = TRUE
2012-04-21T15:36:43.190-04:00| vmx| I120: DICT            ide0:0.present = FALSE
2012-04-21T15:36:43.190-04:00| vmx| I120: DICT             usb:0.present = TRUE
2012-04-21T15:36:43.190-04:00| vmx| I120: DICT          usb:0.deviceType = hid
2012-04-21T15:36:43.190-04:00| vmx| I120: DICT                usb:0.port = 0
2012-04-21T15:36:43.190-04:00| vmx| I120: DICT              usb:0.parent = -1
2012-04-21T15:36:43.190-04:00| vmx| I120: DICT --- USER DEFAULTS C:\Users\admin\AppData\Roaming\VMware\config.ini 
2012-04-21T15:36:43.190-04:00| vmx| I120: DICT --- HOST DEFAULTS C:\ProgramData\VMware\VMware Workstation\config.ini 
2012-04-21T15:36:43.190-04:00| vmx| I120: DICT --- SITE DEFAULTS C:\ProgramData\VMware\VMware Workstation\config.ini 
2012-04-21T15:36:43.190-04:00| vmx| I120: DICT --- GLOBAL SETTINGS C:\ProgramData\VMware\VMware Workstation\settings.ini 
2012-04-21T15:36:43.206-04:00| vmx| I120: Vix: [984 mainDispatch.c:4067]: VMAutomation_ReportPowerOpFinished: statevar=1, newAppState=1873, success=1 additionalError=0
2012-04-21T15:36:43.206-04:00| vmx| I120: hostCpuFeatures = 0x127003ff
2012-04-21T15:36:43.206-04:00| vmx| I120: hostNumGenPerfCounters = 4
2012-04-21T15:36:43.206-04:00| vmx| I120: hostNumFixedPerfCounters = 0
2012-04-21T15:36:43.206-04:00| vmx| I120: CPU0: PMC: K7 GH [c:0 f:1 e:0]
2012-04-21T15:36:43.206-04:00| vmx| I120: CPU1: PMC: K7 GH [c:0 f:1 e:0]
2012-04-21T15:36:43.206-04:00| vmx| I120: CPU2: PMC: K7 GH [c:0 f:1 e:0]
2012-04-21T15:36:43.206-04:00| vmx| I120: CPU3: PMC: K7 GH [c:0 f:1 e:0]
2012-04-21T15:36:43.206-04:00| vmx| I120: MONITOR MODE: allowed modes          : BT
2012-04-21T15:36:43.206-04:00| vmx| I120: MONITOR MODE: user requested modes   : BT HV HWMMU
2012-04-21T15:36:43.206-04:00| vmx| I120: MONITOR MODE: guestOS preferred modes: HWMMU BT HV
2012-04-21T15:36:43.206-04:00| vmx| I120: MONITOR MODE: filtered list          : BT
2012-04-21T15:36:43.206-04:00| vmx| I120: HV Settings: virtual exec = 'software'; virtual mmu = 'software'
2012-04-21T15:36:43.284-04:00| vmx| I120: SVGA: Maximum display topology 3840x1920.
2012-04-21T15:36:43.284-04:00| vmx| I120: WSSCAN: reserved mem (in MB) min=128 max=2880 recommended=2880
2012-04-21T15:36:43.284-04:00| vmx| I120: WSSCAN: used rec mem (in MB) 2880
2012-04-21T15:36:43.284-04:00| vmx| I120: PShare: enabled 1 adaptive 1 scanRate [16, 400]
2012-04-21T15:36:43.284-04:00| vmx| I120: WSSCAN: 271033 9857 262144 8192
2012-04-21T15:36:43.300-04:00| vmx| I120: WSSCAN 1 0 729088 855610 737280 759073 50 0
2012-04-21T15:36:43.300-04:00| vmx| W110: NUMA: automatic VM sizing request ignored
2012-04-21T15:36:43.315-04:00| WinNotifyThread| I120: VTHREAD start thread 4 "WinNotifyThread" host id 2476
2012-04-21T15:36:43.315-04:00| WinNotifyThread| I120: WinNotify thread is alive
2012-04-21T15:36:43.315-04:00| vmx| I120: hread 2476 5076LICENSE: Running in restricted mode
2012-04-21T15:36:43.393-04:00| vmx| I120: Host IPI vectors: 0x2f 0.  Monitor IPI vector: 0
2012-04-21T15:36:43.393-04:00| vmx| I120: Monitor_PowerOn: HostedVSMP skew tracking is disabled
2012-04-21T15:36:43.393-04:00| vmx| I120: Monitor64_PowerOn()
2012-04-21T15:36:43.393-04:00| vmx| I120: Loaded worldswitch: .wsBody64.  Size = 480.
2012-04-21T15:36:43.393-04:00| vmx| I120: Successfully loaded worldswitch fault handlers from .switchNMI.  Size = 240.
2012-04-21T15:36:43.393-04:00| vmx| I120: vmm64-modules: [vmm.vmm64 .data:0xfffffffffc056000-0xdb8 .shared_per_vm:0xfffffffffc057000-0x1dbc0 .shared_per_vcpu_vmx:0xfffffffffc077000-0x1dd9 .shared_vmm_vmk:0xfffffffffc079000-0x700 .shared_inter_vcpu_vmk:0xfffffffffc07b000-0x1c0 .shared_inter_vcpu_vmx:0xfffffffffc07c000-0x1880 .bss:0xfffffffffc07e000-0x13e44 .rodata:0xfffffffffc200000-0x199ed .text:0xfffffffffc21a000-0x81a5d .eh_frame:0xfffffffffc2aa000-0x1b58 .statvars:0x1000-0x0, mmu-nohv.vmm64 .rodata:0xfffffffffc219a00-0x116 .data:0xfffffffffc056db8-0x4 .shared_per_vm:0xfffffffffc074bc0-0x2c0 .shared_per_vcpu_vmx:0x3000-0x0 .shared_vmm_vmk:0x3000-0x0 .shared_inter_vcpu_vmk:0xfffffffffc07b1c0-0x40 .shared_inter_vcpu_vmx:0x4000-0x0 .bss:0xfffffffffc091e60-0x1e54 .text:0xfffffffffc29ba60-0xb93a .comment:0xcf0-0x10e .patchtext:0x540-0x90 .statvars:0x2000-0x0 .shared_per_vm_meta:0x2850-0x1b0 .shared_inter_vcpu_vmk_meta:0xf0-0x30, vprobe-none.vmm64 .data:0xfffffffffc056dc0-0x8 .shared_per_vm:0x1000-0x0 .shared_per_vcpu_vmx:0x1000-0x0 .shared_vmm_vmk:0x1000-0x0 .shared_inter_vcpu_vmk:0x1000-0x0 .shared_inter_vcpu_vmx:0x1000-0x0 .bss:0xfffffffffc093cc0-0x88 .text:0xfffffffffc2a739c-0x26 .comment:0xdfe-0x12 .statvars:0x1000-0x0, hv-none.vmm64 .rodata:0xfffffffffc219b18-0x4 .data:0x1000-0x0 .shared_per_vm:0xfffffffffc074e80-0x40 .shared_per_vcpu_vmx:0x2000-0x0 .shared_vmm_vmk:0x2000-0x0 .shared_inter_vcpu_vmk:0x2000-0x0 .shared_inter_vcpu_vmx:0xfffffffffc07d880-0x40 .bss:0xfffffffffc093d48-0x6 .text:0xfffffffffc2a73c4-0x2bb .comment:0xe10-0x6c .statvars:0x1000-0x0 .shared_per_vm_meta:0x2a00-0x60 .shared_inter_vcpu_vmx_meta:0x180-0x30, gphys-sw.vmm64 .rodata:0xfffffffffc219b20-0x28 .data:0x1000-0x0 .shared_per_vm:0xfffffffffc074ec0-0xc0 .shared_per_vcpu_vmx:0x2000-0x0 .shared_vmm_vmk:0x2000-0x0 .shared_inter_vcpu_vmk:0x2000-0x0 .shared_inter_vcpu_vmx:0x2000-0x0 .bss:0xfffffffffc093d50-0x60 .text:0xfffffffffc2a7680-0x2808 .patchtext:0x5d0-0x20 .comment:0xe7c-0x12 .statvars:0x1000-0x0 .shared_per_vm_meta:0x2a60-0x330, vmsafe-none.vmm64 .shared_per_vm:0xfffffffffc074f80-0x40 .shared_per_vcpu_vmx:0x1000-0x0 .shared_vmm_vmk:0x1000-0x0 .shared_inter_vcpu_vmk:0x1000-0x0 .shared_inter_vcpu_vmx:0x1000-0x0 .bss:0x1000-0x0 .text:0xfffffffffc2a9e88-0x1b .comment:0xe8e-0x12 .shared_per_vm_meta:0x2d90-0x30, callstack-none.vmm64 .text:0xfffffffffc2a9ea4-0x2 .comment:0xea0-0x12 .scb:0x1980-0x60, vmce-none.vmm64 .text:0xfffffffffc2a9ea8-0x3d .comment:0xeb2-0x12, {SharedInterVcpuVmxSection} .shared_per_vm:0xfffffffffc075000-0x2000, {SharedInterVcpuVmkSection} .shared_vmm_vmk:0xfffffffffc07a000-0x1000, <MonSrcFile> .rodata:0xfffffffffc219b48-0x3f4]
2012-04-21T15:36:43.393-04:00| vmx| I120: vmm64-vcpus:  1
2012-04-21T15:36:43.440-04:00| vmx| I120: KHZEstimate 3214699
2012-04-21T15:36:43.440-04:00| vmx| I120: MHZEstimate 3215
2012-04-21T15:36:43.440-04:00| vmx| I120: NumVCPUs 1
2012-04-21T15:36:43.440-04:00| vmx| I120: BusMemServices: page checkRate 16
2012-04-21T15:36:43.456-04:00| vmx| I120: UUID: location-UUID is 56 4d ee fb de 73 8d a2-48 16 e4 f9 dd e2 16 ca
2012-04-21T15:36:43.471-04:00| vmx| I120: UUID: location-UUID is 56 4d 32 59 7a ad 78 be-46 fe 4b 7c 34 d4 4f df
2012-04-21T15:36:43.471-04:00| vmx| I120: UUID: location-UUID is 56 4d 32 59 7a ad 78 be-46 fe 4b 7c 34 d4 4f df
2012-04-21T15:36:43.471-04:00| vthread-5| I120: VTHREAD start thread 5 "vthread-5" host id 1256
2012-04-21T15:36:43.487-04:00| vmx| I120: hread 1256 5076AIOGNRC: numThreads=18 ide=0, scsi=1, passthru=1
2012-04-21T15:36:43.487-04:00| vmx| I120: WORKER: Creating new group with numThreads=18 (18)
2012-04-21T15:36:43.518-04:00| vmx| I120: StateLogger::Replay State = 0
2012-04-21T15:36:43.518-04:00| vmx| I120: StateLogger::minDEThreshold: 108
2012-04-21T15:36:43.565-04:00| vmx| I120: WORKER: Creating new group with numThreads=1 (19)
2012-04-21T15:36:43.565-04:00| vmx| I120: MainMem: CPT Host WZ=0 SOR=1 PF=1024
2012-04-21T15:36:43.565-04:00| vmx| I120: MainMem: CPT PLS=1 PLR=1 BS=1 BufM=0 BlkP=32 Mult=4 W=50
2012-04-21T15:36:43.580-04:00| vmx| I120: UUID: location-UUID is 56 4d 32 59 7a ad 78 be-46 fe 4b 7c 34 d4 4f df
2012-04-21T15:36:43.643-04:00| vmx| I120: MainMem: Unable to use remote file for paging, 'Y:\weblinux\weblinux core 2.0\564d3259-7aad-78be-46fe-4b7c34d44fdf.vmem'.
2012-04-21T15:36:43.658-04:00| vmx| I120: MainMem: Opened paging file, '(null)'.
2012-04-21T15:36:43.658-04:00| vmx| I120: MStat: Creating Stat vm.uptime
2012-04-21T15:36:43.658-04:00| vmx| I120: MStat: Creating Stat vm.suspendTime
2012-04-21T15:36:43.658-04:00| vmx| I120: MStat: Creating Stat vm.powerOnTimeStamp
2012-04-21T15:36:43.658-04:00| aioCompletion| I120: VTHREAD start thread 6 "aioCompletion" host id 1172
2012-04-21T15:36:43.658-04:00| vmx| I120: hread 1172 5076VMXAIOMGR: Using: simple=Generic unbuf=Compl
2012-04-21T15:36:43.721-04:00| vmx| I120: WORKER: Creating new group with numThreads=1 (20)
2012-04-21T15:36:43.783-04:00| vmx| I120: DISK: OPEN scsi0:0 'Y:\weblinux\weblinux core 2.0\weblinux core 2.0-1.vmdk' persistent R[]
2012-04-21T15:36:44.033-04:00| vmx| I120: DISKLIB-DSCPTR: Opened [0]: "weblinux core 2.0-1.vmdk" (0xa)
2012-04-21T15:36:44.033-04:00| vmx| I120: DISKLIB-LINK  : Opened 'Y:\weblinux\weblinux core 2.0\weblinux core 2.0-1.vmdk' (0xa): monolithicSparse, 10485760 sectors / 5 GB.
2012-04-21T15:36:44.033-04:00| vmx| I120: DISKLIB-LIB   : Opened "Y:\weblinux\weblinux core 2.0\weblinux core 2.0-1.vmdk" (flags 0xa, type monolithicSparse).
2012-04-21T15:36:44.033-04:00| vmx| I120: DiskGetGeometry: Reading of disk partition table
2012-04-21T15:36:44.033-04:00| vmx| I120: DISK: Disk 'Y:\weblinux\weblinux core 2.0\weblinux core 2.0-1.vmdk' has UUID '60 00 c2 9c 09 c1 4e 44-a0 5f e4 fa 83 13 23 27'
2012-04-21T15:36:44.033-04:00| vmx| I120: DISK: OPEN 'Y:\weblinux\weblinux core 2.0\weblinux core 2.0-1.vmdk' Geo (652/255/63) BIOS Geo (652/255/63)
2012-04-21T15:36:44.033-04:00| vmx| I120: MsgHint: msg.nfsmounted.persistent
2012-04-21T15:36:44.033-04:00| vmx| I120+ Product VMware Player is running with a disk file Y:\weblinux\weblinux core 2.0\weblinux core 2.0-1.vmdk on a remote file system. Consequently, disk writes might be much slower than writes to a disk stored on a local file system. You can improve performance by copying your disk file to a local file system.
2012-04-21T15:36:44.033-04:00| vmx| I120+ Click OK to continue or Cancel to cancel.
2012-04-21T15:36:44.033-04:00| vmx| I120+ ---------------------------------------
2012-04-21T15:36:44.111-04:00| vmx| I120: TimeTracker host to guest rate conversion 4390122509 @ 3214699000Hz -> 4390122509 @ 3214699000Hz
2012-04-21T15:36:44.111-04:00| vmx| I120: TimeTracker host to guest rate conversion ((x * 2147483648) >> 31) + 0
2012-04-21T15:36:44.111-04:00| vmx| I120: timeTracker.globalProgressMaxAllowanceMS: 2000
2012-04-21T15:36:44.111-04:00| vmx| I120: timeTracker.globalProgressToAllowanceNS: 1000
2012-04-21T15:36:44.111-04:00| vmx| I120: USB: Initializing 'Virtual Hub' backend
2012-04-21T15:36:44.111-04:00| vmx| I120: USB: Initializing 'Generic' backend
2012-04-21T15:36:44.111-04:00| vmx| I120: USBGW: Write arbitrator op:15 len:4
2012-04-21T15:36:44.111-04:00| vmx| I120: USBGW: Write arbitrator op:0 len:4
2012-04-21T15:36:44.126-04:00| vmx| I120: USBGW: Write arbitrator op:13 len:22
2012-04-21T15:36:44.126-04:00| vmx| I120: USB: Initializing 'Virtual HID' backend
2012-04-21T15:36:44.126-04:00| vmx| I120: USB: Initializing 'Remote Device' backend
2012-04-21T15:36:44.126-04:00| vmx| I120: RemoteUSBVMX: Retrieved hostId [31 43 36 46 36 35 35 34-36 39 34 41 ff ff ff ff]
2012-04-21T15:36:44.126-04:00| vmx| I120: RemoteUSBVMX: Protocol version min:15 current:16
2012-04-21T15:36:44.126-04:00| vmx| I120: RemoteUSBVMX: no delay setting is TRUE.
2012-04-21T15:36:44.126-04:00| vmx| I120: USB: Initializing 'Virtual Mass Storage' backend
2012-04-21T15:36:44.126-04:00| vmx| I120: USB: Initializing 'Virtual CCID' backend
2012-04-21T15:36:44.126-04:00| vmx| I120: USB-CCID: Could not establish context: SCARD_E_NO_SERVICE(0x8010001d).
2012-04-21T15:36:44.126-04:00| vmx| I120: USB-CCID: Could not establish context: SCARD_E_NO_SERVICE(0x8010001d).
2012-04-21T15:36:44.126-04:00| usbCCIDEnumCards| I120: VTHREAD start thread 7 "usbCCIDEnumCards" host id 3044
2012-04-21T15:36:44.126-04:00| usbCCIDEnumCards| I120: USB-CCID: Card enum thread created.
2012-04-21T15:36:44.126-04:00| vmx| I120: hread 3044 5076USB: Initializing 'Virtual Bluetooth' backend
2012-04-21T15:36:44.298-04:00| vmx| I120: USBGW: Skipping disk backing for file (Y:\weblinux\weblinux core 2.0\weblinux core 2.0.vmx).
2012-04-21T15:36:44.314-04:00| vmx| I120: USBGW: Skipping disk backing for file (Y:\weblinux\weblinux core 2.0\weblinux core 2.0-1.vmdk).
2012-04-21T15:36:44.329-04:00| vmx| I120: USBGW: Skipping disk backing for file (Y:\weblinux\weblinux core 2.0\weblinux core 2.0.vmsd).
2012-04-21T15:36:44.360-04:00| vmx| I120: USBGW: Skipping disk backing for file (Y:\weblinux\weblinux core 2.0\weblinux core 2.0.nvram).
2012-04-21T15:36:44.360-04:00| usbCCIDEnumCards| I120: USB-CCID: Could not establish context: SCARD_E_NO_SERVICE(0x8010001d).
2012-04-21T15:36:44.360-04:00| vmx| I120: SVGA: Maximum display topology 3840x1920.
2012-04-21T15:36:44.360-04:00| mouse| I120: VTHREAD start thread 8 "mouse" host id 2452
2012-04-21T15:36:44.376-04:00| vmx| I120: hread 2452 5076VTHREAD start thread 9 "kbh" host id 3484
2012-04-21T15:36:44.376-04:00| vmx| I120: hread 3484 5076Failed to load D3DX9 library.
2012-04-21T15:36:44.376-04:00| vmx| I120: WORKER: Creating new group with numThreads=1 (21)
2012-04-21T15:36:44.376-04:00| vmx| I120: MKS: Base polling period is 1000000us
2012-04-21T15:36:44.376-04:00| vmx| I120: KHBKL: Unable to parse keystring at: ''
2012-04-21T15:36:44.376-04:00| vmx| I120: MKS REMOTE Loading VNC Configuration from VM config file
2012-04-21T15:36:44.376-04:00| vmx| I120: VLANCE: send cluster threshold is 80, size = 2 recalcInterval is 2 ticks
2012-04-21T15:36:44.376-04:00| vmx| I120: VMXNET: send cluster threshold is 80, size = 2 recalcInterval is 2 ticks, dontClusterSize is 128
2012-04-21T15:36:44.392-04:00| vmx| I120: NetPkt: checksum cycles/kB: C=74 asm1=227 asm2=265
2012-04-21T15:36:44.392-04:00| vmx| I120: NetPkt: copy and sum cycles/kB: C=398 asm1=285 asm2=349
2012-04-21T15:36:44.392-04:00| vmx| I120: Chipset version: 0x17
2012-04-21T15:36:44.438-04:00| vmx| I120: SCSI DEVICE (ide1:0): Computed value of ide1:0.useBounceBuffers: default
2012-04-21T15:36:44.438-04:00| vmx| I120: DISKUTIL: ide1:0 : capacity=0
2012-04-21T15:36:44.438-04:00| vmx| I120: DISKUTIL: ide1:0 : geometry=0/0/0
2012-04-21T15:36:44.438-04:00| vmx| I120: SCSI: scsi0: intr coalescing: on period=50msec cifTh=4 iopsTh=2000 hlt=0
2012-04-21T15:36:44.438-04:00| vmx| I120: SCSI0: UNTAGGED commands will be converted to ORDER tags.
2012-04-21T15:36:44.438-04:00| vmx| I120: SCSI DEVICE (scsi0:0): Computed value of scsi0:0.useBounceBuffers: default
2012-04-21T15:36:44.438-04:00| vmx| I120: DISKUTIL: scsi0:0 : capacity=10485760
2012-04-21T15:36:44.438-04:00| vmx| I120: DISKUTIL: scsi0:0 : geometry=652/255/63
2012-04-21T15:36:44.438-04:00| vmx| I120: SVGA: Device capabilities 0x00ff83e2
2012-04-21T15:36:44.438-04:00| vmx| I120: SVGA: Maximum display topology 3840x1920.
2012-04-21T15:36:44.438-04:00| vmx| I120: SVGA: Maximum display topology 3840x1920 with 2 displays.
2012-04-21T15:36:44.438-04:00| vmx| I120: SVGA: FIFO capabilities 0x0000077f
2012-04-21T15:36:44.438-04:00| vmx| I120: USB: Initializing 'UHCI' host controller
2012-04-21T15:36:44.501-04:00| vmx| I120: Ethernet0 MAC Address: 00:0c:29:d4:4f:df
2012-04-21T15:36:44.501-04:00| vmx| I120: USB: Initializing 'EHCI' host controller
2012-04-21T15:36:44.579-04:00| vmx| I120: Whitelist PMC Umask/Event: 0x003c
2012-04-21T15:36:44.579-04:00| vmx| I120: Whitelist PMC Umask/Event: 0x00c0
2012-04-21T15:36:44.579-04:00| vmx| I120: Whitelist PMC Umask/Event: 0x013c
2012-04-21T15:36:44.579-04:00| vmx| I120: Whitelist PMC Umask/Event: 0x4f2e
2012-04-21T15:36:44.579-04:00| vmx| I120: Whitelist PMC Umask/Event: 0x412e
2012-04-21T15:36:44.579-04:00| vmx| I120: Whitelist PMC Umask/Event: 0x00c4
2012-04-21T15:36:44.579-04:00| vmx| I120: Whitelist PMC Umask/Event: 0x00c5
2012-04-21T15:36:44.579-04:00| vmx| I120: MStat: Creating Stat vm.heartbeat
2012-04-21T15:36:44.579-04:00| vmx| I120: VMXVmdbGuest_GetToolsVersion did nothing; tools version has not yet been initialized
2012-04-21T15:36:44.579-04:00| vmx| I120: DISKUTIL: (null) : max toolsVersion = 0
2012-04-21T15:36:44.579-04:00| vmx| I120: DISKUTIL: Offline toolsVersion = 0
2012-04-21T15:36:44.579-04:00| vmx| I120: VMXVmdbGuest_GetToolsVersion did nothing; tools version has not yet been initialized
2012-04-21T15:36:44.579-04:00| vmx| I120: TOOLS setting legacy tools version to '0', manifest status is 9
2012-04-21T15:36:44.579-04:00| vmx| I120: VMXVmdb_SetToolsVersionState: status value set to 'noTools'
2012-04-21T15:36:44.579-04:00| vmx| I120: VMXVmdb_SetToolsVersionState: status value set to 'noTools'
2012-04-21T15:36:44.579-04:00| vmx| I120: TOOLS INSTALL initializing state to IDLE on power on.
2012-04-21T15:36:44.626-04:00| vmx| W110: NUMA and VCPU hot add are incompatible.  Forcing UMA
2012-04-21T15:36:44.641-04:00| vmx| I120: guestCpuFeatures = 0x103003ff
2012-04-21T15:36:44.641-04:00| vmx| I120: Guest CPUID differences from hostCPUID.
2012-04-21T15:36:44.641-04:00| vmx| I120: guestCPUID level 00000001, 0: 0x00100f53 0x00000800 0x80802001 0x078bfbff
2012-04-21T15:36:44.641-04:00| vmx| I120: guestCPUID level 00000005, 0: 0x00001000 0x00001000 0x00000003 0x00000000
2012-04-21T15:36:44.641-04:00| vmx| I120: guestCPUID level 00000007, 0: 0x00000000 0x00000000 0x00000000 0x00000000
2012-04-21T15:36:44.641-04:00| vmx| I120: guestCPUID level 0000000d, 0: 0x00000000 0x00000000 0x00000000 0x00000000
2012-04-21T15:36:44.641-04:00| vmx| I120: guestCPUID level 40000000, 0: 0x40000010 0x61774d56 0x4d566572 0x65726177
2012-04-21T15:36:44.641-04:00| vmx| I120: guestCPUID level 40000010, 0: 0x00310d6b 0x000101d0 0x00000000 0x00000000
2012-04-21T15:36:44.641-04:00| vmx| I120: guestCPUID level 80000001, 0: 0x00100f53 0x10002286 0x000003e9 0xebd3fbff
2012-04-21T15:36:44.641-04:00| vmx| I120: guestCPUID level 80000007, 0: 0x00000000 0x00000000 0x00000000 0x00000100
2012-04-21T15:36:44.641-04:00| vmx| I120: guestCPUID level 80000008, 0: 0x00003028 0x00000000 0x00000000 0x00000000
2012-04-21T15:36:44.641-04:00| vmx| I120: guestCPUID level 8000000a, 0: 0x00000000 0x00000000 0x00000000 0x00000000
2012-04-21T15:36:44.657-04:00| vmx| I120: BusMemSampleSetUpStats: touched: initPct 75 pages 196608 : dirtied: initPct 75 pages 196608
2012-04-21T15:36:44.657-04:00| vmx| I120: TOOLS received request in VMX to set option 'enableDnD' -> '1'
2012-04-21T15:36:44.657-04:00| vmx| I120: OvhdMem_PowerOn: lib/overheadmem:   paged   271419 nonpaged    16298 anonymous        0
2012-04-21T15:36:44.657-04:00| vmx| I120: OvhdMem_PowerOn: initial admission: paged   271033 nonpaged     9857 anonymous        0
2012-04-21T15:36:44.657-04:00| vmx| I120: VMMEM: Initial Reservation: 39MB (MainMem=1024MB SVGA=34MB)
2012-04-21T15:36:44.657-04:00| vmx| I120: 
2012-04-21T15:36:44.657-04:00| vmx| I120+ OvhdMem: Static Overheads
2012-04-21T15:36:44.657-04:00| vmx| I120: 
2012-04-21T15:36:44.657-04:00| vmx| I120: OvhdMem: Vmx overhead                              reserved    category (type)
2012-04-21T15:36:44.657-04:00| vmx| I120: OvhdMem OvhdUser_VgaShadowFB                    :      512     excluded (malloc)
2012-04-21T15:36:44.657-04:00| vmx| I120: OvhdMem OvhdUser_VmxAllocTrack                  :        0     excluded (malloc)
2012-04-21T15:36:44.657-04:00| vmx| I120: OvhdMem OvhdUser_VmxCallStackProf               :        0     excluded (malloc)
2012-04-21T15:36:44.657-04:00| vmx| I120: OvhdMem OvhdUser_VmxGlobals                     :    10240     excluded (static)
2012-04-21T15:36:44.657-04:00| vmx| I120: OvhdMem OvhdUser_VmxGlobalsLibs                 :     2560     excluded (static)
2012-04-21T15:36:44.657-04:00| vmx| I120: OvhdMem OvhdUser_VmxHeap                        :     5120     excluded (malloc)
2012-04-21T15:36:44.657-04:00| vmx| I120: OvhdMem OvhdUser_VmxMainMemCheck                :        0     excluded (malloc)
2012-04-21T15:36:44.657-04:00| vmx| I120: OvhdMem OvhdUser_VmxMks3d                       :        0     excluded (malloc)
2012-04-21T15:36:44.657-04:00| vmx| I120: OvhdMem OvhdUser_VmxMksShadowFB                 :    32768     excluded (malloc)
2012-04-21T15:36:44.657-04:00| vmx| I120: OvhdMem OvhdUser_VmxPhysMemRingBuf              :        0     excluded (malloc)
2012-04-21T15:36:44.657-04:00| vmx| I120: OvhdMem OvhdUser_VmxReplayCheck                 :        0     excluded (malloc)
2012-04-21T15:36:44.657-04:00| vmx| I120: OvhdMem OvhdUser_VmxSLEntryBuf                  :      128     excluded (malloc)
2012-04-21T15:36:44.657-04:00| vmx| I120: OvhdMem OvhdUser_VmxText                        :     3328     excluded (text)
2012-04-21T15:36:44.657-04:00| vmx| I120: OvhdMem OvhdUser_VmxTextLibs                    :    15360     excluded (text)
2012-04-21T15:36:44.657-04:00| vmx| I120: OvhdMem OvhdUser_VmxThreadMks                   :      512     excluded (static)
2012-04-21T15:36:44.657-04:00| vmx| I120: OvhdMem OvhdUser_VmxThreadVmx                   :      512     excluded (static)
2012-04-21T15:36:44.657-04:00| vmx| I120: OvhdMem OvhdUser_VmxThreadsVcpu                 :      256     excluded (static)
2012-04-21T15:36:44.657-04:00| vmx| I120: OvhdMem OvhdUser_VmxThreadsWorker               :    16384     excluded (static)
2012-04-21T15:36:44.657-04:00| vmx| I120: OvhdMem Total                                   :    87680
2012-04-21T15:36:44.657-04:00| vmx| I120: 
2012-04-21T15:36:44.657-04:00| vmx| I120: OvhdMem: Vmm overhead                              reserved    category (type)
2012-04-21T15:36:44.657-04:00| vmx| I120: OvhdMem OvhdUser_SharedArea                     :       89     nonpaged (memmap)
2012-04-21T15:36:44.657-04:00| vmx| I120: OvhdMem OvhdUser_TraceBitmapMainMem             :        8     nonpaged (memmap)
2012-04-21T15:36:44.657-04:00| vmx| I120: OvhdMem OvhdUser_KSTATS_vmm                     :        0     excluded (malloc)
2012-04-21T15:36:44.657-04:00| vmx| I120: OvhdMem OvhdUser_STATS_vmm                      :        2     excluded (malloc)
2012-04-21T15:36:44.657-04:00| vmx| I120: OvhdMem OvhdUser_KSTATS_device                  :        0     excluded (malloc)
2012-04-21T15:36:44.657-04:00| vmx| I120: OvhdMem OvhdUser_STATS_device                   :        1     excluded (malloc)
2012-04-21T15:36:44.657-04:00| vmx| I120: OvhdMem OvhdUser_KSTATS_migrate                 :        0     excluded (malloc)
2012-04-21T15:36:44.657-04:00| vmx| I120: OvhdMem OvhdUser_PFrame                         :      672     nonpaged (memmap)
2012-04-21T15:36:44.657-04:00| vmx| I120: OvhdMem OvhdUser_VProbe                         :        0     nonpaged (memmap)
2012-04-21T15:36:44.657-04:00| vmx| I120: OvhdMem OvhdUser_DFStackvcpu                    :        1     nonpaged (memmap)
2012-04-21T15:36:44.657-04:00| vmx| I120: OvhdMem OvhdUser_DFCR3vcpu                      :        3     nonpaged (memmap)
2012-04-21T15:36:44.657-04:00| vmx| I120: OvhdMem OvhdUser_DFCR3PTvcpu                    :        1     nonpaged (memmap)
2012-04-21T15:36:44.657-04:00| vmx| I120: OvhdMem OvhdUser_DFCR3PageDirForSwitchPg        :        1     nonpaged (memmap)
2012-04-21T15:36:44.657-04:00| vmx| I120: OvhdMem OvhdUser_VIDE_KSEG                      :       16     nonpaged (memmap)
2012-04-21T15:36:44.657-04:00| vmx| I120: OvhdMem OvhdUser_VGA                            :       64     nonpaged (memmap)
2012-04-21T15:36:44.657-04:00| vmx| I120: OvhdMem OvhdUser_BusMemRemap                    :        0     nonpaged (memmap)
2012-04-21T15:36:44.657-04:00| vmx| I120: OvhdMem OvhdUser_PShareMPN                      :        6     nonpaged (memmap)
2012-04-21T15:36:44.657-04:00| vmx| I120: OvhdMem OvhdUser_P2MUpdateMPN                   :        1     nonpaged (memmap)
2012-04-21T15:36:44.657-04:00| vmx| I120: OvhdMem OvhdUser_P2MUpdateBuffer                :        3     nonpaged (memmap)
2012-04-21T15:36:44.657-04:00| vmx| I120: OvhdMem OvhdUser_SharedMPNsPool                 :       20     nonpaged (memmap)
2012-04-21T15:36:44.657-04:00| vmx| I120: OvhdMem OvhdUser_SwapMPN                        :        1     nonpaged (memmap)
2012-04-21T15:36:44.657-04:00| vmx| I120: OvhdMem OvhdUser_VMCIMPN                        :        1     nonpaged (memmap)
2012-04-21T15:36:44.657-04:00| vmx| I120: OvhdMem OvhdUser_LocalApic                      :        1     paged (guest)
2012-04-21T15:36:44.657-04:00| vmx| I120: OvhdMem OvhdUser_BusError                       :        1     paged (guest)
2012-04-21T15:36:44.657-04:00| vmx| I120: OvhdMem OvhdUser_VBIOS                          :        8     paged (guest)
2012-04-21T15:36:44.657-04:00| vmx| I120: OvhdMem OvhdUser_VnicGuest                      :       16     paged (guest)
2012-04-21T15:36:44.657-04:00| vmx| I120: OvhdMem OvhdUser_VnicMmap                       :        0     nonpaged (memmap)
2012-04-21T15:36:44.657-04:00| vmx| I120: OvhdMem OvhdUser_LSIBIOS                        :        4     paged (guest)
2012-04-21T15:36:44.657-04:00| vmx| I120: OvhdMem OvhdUser_LSIRings                       :        4     nonpaged (memmap)
2012-04-21T15:36:44.657-04:00| vmx| I120: OvhdMem OvhdUser_PCIPBIOS                       :        0     paged (guest)
2012-04-21T15:36:44.657-04:00| vmx| I120: OvhdMem OvhdUser_PVSCSIBIOS                     :        0     paged (guest)
2012-04-21T15:36:44.657-04:00| vmx| I120: OvhdMem OvhdUser_PVSCSIKickReg                  :        0     paged (guest)
2012-04-21T15:36:44.657-04:00| vmx| I120: OvhdMem OvhdUser_SAS1068BIOS                    :        4     paged (guest)
2012-04-21T15:36:44.657-04:00| vmx| I120: OvhdMem OvhdUser_SBIOS                          :       16     paged (guest)
2012-04-21T15:36:44.657-04:00| vmx| I120: OvhdMem OvhdUser_FlashRam                       :      128     paged (guest)
2012-04-21T15:36:44.657-04:00| vmx| I120: OvhdMem OvhdUser_SHPC_MemReg                    :        2     paged (guest)
2012-04-21T15:36:44.657-04:00| vmx| I120: OvhdMem OvhdUser_SVGAFB                         :     8192     paged (guest)
2012-04-21T15:36:44.657-04:00| vmx| I120: OvhdMem OvhdUser_SVGAMEM                        :      512     paged (guest)
2012-04-21T15:36:44.657-04:00| vmx| I120: OvhdMem OvhdUser_HDAudioReg                     :        3     paged (guest)
2012-04-21T15:36:44.657-04:00| vmx| I120: OvhdMem OvhdUser_EHCIRegister                   :        1     paged (guest)
2012-04-21T15:36:44.657-04:00| vmx| I120: OvhdMem OvhdUser_XhciRegister                   :        1     paged (guest)
2012-04-21T15:36:44.657-04:00| vmx| I120: OvhdMem OvhdUser_PhysMemDebug                   :        0     paged (guest)
2012-04-21T15:36:44.657-04:00| vmx| I120: OvhdMem OvhdUser_MainMem                        :   262144     paged (mainmem)
2012-04-21T15:36:44.657-04:00| vmx| I120: OvhdMem OvhdUser_HVIOBitmap                     :        3     nonpaged (memmap)
2012-04-21T15:36:44.657-04:00| vmx| I120: OvhdMem OvhdUser_HVMSRBitmap                    :        2     nonpaged (memmap)
2012-04-21T15:36:44.657-04:00| vmx| I120: OvhdMem OvhdUser_vhvMSRBitmap                   :        2     nonpaged (memmap)
2012-04-21T15:36:44.657-04:00| vmx| I120: OvhdMem OvhdUser_vhvCachedVMCS                  :        1     nonpaged (memmap)
2012-04-21T15:36:44.657-04:00| vmx| I120: OvhdMem OvhdUser_StateLoggerLogBuf              :        0     nonpaged (memmap)
2012-04-21T15:36:44.657-04:00| vmx| I120: OvhdMem OvhdUser_DebugStubSSEvents              :        1     nonpaged (memmap)
2012-04-21T15:36:44.657-04:00| vmx| I120: OvhdMem OvhdUser_DebugStubBWPEvents             :        1     nonpaged (memmap)
2012-04-21T15:36:44.657-04:00| vmx| I120: OvhdMem OvhdUser_PCIP                           :        0     paged (guest)
2012-04-21T15:36:44.657-04:00| vmx| I120: OvhdMem OvhdUser_VMsafe                         :        0     nonpaged (memmap)
2012-04-21T15:36:44.657-04:00| vmx| I120: OvhdMem OvhdUser_MonWired                       :       47     nonpaged (memmap)
2012-04-21T15:36:44.657-04:00| vmx| I120: OvhdMem OvhdUser_MonLow                         :        2     nonpaged (memmap)
2012-04-21T15:36:44.657-04:00| vmx| I120: OvhdMem OvhdUser_MonWiredNuma                   :       26     nonpaged (memmap)
2012-04-21T15:36:44.657-04:00| vmx| I120: OvhdMem OvhdUser_MonNuma                        :      193     nonpaged (memmap)
2012-04-21T15:36:44.657-04:00| vmx| I120: OvhdMem OvhdUser_MonOther                       :       16     nonpaged (memmap)
2012-04-21T15:36:44.657-04:00| vmx| I120: OvhdMem OvhdUser_MonAnon                        :     7678     nonpaged (anon)
2012-04-21T15:36:44.657-04:00| vmx| I120: OvhdMem OvhdUser_SVMLowMem                      :        2     nonpaged (memmap)
2012-04-21T15:36:44.657-04:00| vmx| I120: OvhdMem OvhdUser_PAEShadow                      :        1     nonpaged (memmap)
2012-04-21T15:36:44.657-04:00| vmx| I120: OvhdMem OvhdUser_FTCpt                          :        0     nonpaged (memmap)
2012-04-21T15:36:44.657-04:00| vmx| I120: OvhdMem Total                                   :   279902
2012-04-21T15:36:44.657-04:00| vmx| I120: 
2012-04-21T15:36:44.657-04:00| vmx| I120: OvhdAnon Detailed Sources                             reserved
2012-04-21T15:36:44.657-04:00| vmx| I120: OvhdAnon OvhdMon_Alloc                           :          47
2012-04-21T15:36:44.657-04:00| vmx| I120: OvhdAnon OvhdMon_BusMemFrame                     :        2694
2012-04-21T15:36:44.657-04:00| vmx| I120: OvhdAnon OvhdMon_BusMemFramePGAR                 :           4
2012-04-21T15:36:44.657-04:00| vmx| I120: OvhdAnon OvhdMon_BusMemMMTracePGAR               :           1
2012-04-21T15:36:44.657-04:00| vmx| I120: OvhdAnon OvhdMon_BusMem2MRegionPGAR              :           4
2012-04-21T15:36:44.657-04:00| vmx| I120: OvhdAnon OvhdMon_BusMemZapListMPN                :           1
2012-04-21T15:36:44.657-04:00| vmx| I120: OvhdAnon OvhdMon_MMU                             :          50
2012-04-21T15:36:44.657-04:00| vmx| I120: OvhdAnon OvhdMon_ScratchAS                       :          12
2012-04-21T15:36:44.657-04:00| vmx| I120: OvhdAnon OvhdMon_MonTLB                          :           6
2012-04-21T15:36:44.657-04:00| vmx| I120: OvhdAnon OvhdMon_DT                              :          21
2012-04-21T15:36:44.657-04:00| vmx| I120: OvhdAnon OvhdMon_TCCoherency                     :          21
2012-04-21T15:36:44.657-04:00| vmx| I120: OvhdAnon OvhdMon_TC                              :        4096
2012-04-21T15:36:44.657-04:00| vmx| I120: OvhdAnon OvhdMon_ChainInfo                       :          65
2012-04-21T15:36:44.657-04:00| vmx| I120: OvhdAnon OvhdMon_Island                          :           1
2012-04-21T15:36:44.657-04:00| vmx| I120: OvhdAnon OvhdMon_BusMemScratchAS                 :           8
2012-04-21T15:36:44.657-04:00| vmx| I120: OvhdAnon OvhdMon_PlatformScratchAS               :           4
2012-04-21T15:36:44.657-04:00| vmx| I120: OvhdAnon OvhdMon_BackdoorHintsMPN                :           2
2012-04-21T15:36:44.657-04:00| vmx| I120: OvhdAnon OvhdMon_HV                              :           2
2012-04-21T15:36:44.657-04:00| vmx| I120: OvhdAnon OvhdMon_VNPTShadow                      :           0
2012-04-21T15:36:44.657-04:00| vmx| I120: OvhdAnon OvhdMon_VNPTShadowCache                 :          13
2012-04-21T15:36:44.657-04:00| vmx| I120: OvhdAnon OvhdMon_VNPTBackmap                     :           0
2012-04-21T15:36:44.657-04:00| vmx| I120: OvhdAnon OvhdMon_SVMIDT                          :           1
2012-04-21T15:36:44.657-04:00| vmx| I120: OvhdAnon OvhdMon_CallStackProfAnon               :           0
2012-04-21T15:36:44.657-04:00| vmx| I120: OvhdAnon OvhdMon_Numa                            :         597
2012-04-21T15:36:44.657-04:00| vmx| I120: OvhdAnon OvhdMon_WiredNuma                       :          26
2012-04-21T15:36:44.657-04:00| vmx| I120: OvhdAnon OvhdMon_GPhysTraced                     :           0
2012-04-21T15:36:44.657-04:00| vmx| I120: OvhdAnon OvhdMon_GPhysEPT                        :           0
2012-04-21T15:36:44.657-04:00| vmx| I120: OvhdAnon OvhdMon_GPhysNoTrace                    :           0
2012-04-21T15:36:44.657-04:00| vmx| I120: OvhdAnon OvhdMon_BTScratchPage                   :           1
2012-04-21T15:36:44.657-04:00| vmx| I120: OvhdAnon OvhdMon_StateLoggerBufferPA             :           1
2012-04-21T15:36:44.657-04:00| vmx| I120: OvhdAnon OvhdMon_TraceALot                       :           0
2012-04-21T15:36:44.657-04:00| vmx| I120: OvhdAnon OvhdMon_VIDE                            :           0
2012-04-21T15:36:44.657-04:00| vmx| I120: OvhdAnon OvhdMon_VMXNETWake                      :           0
2012-04-21T15:36:44.657-04:00| vmx| I120: OvhdAnon OvhdMon_BusLogic                        :           0
2012-04-21T15:36:44.657-04:00| vmx| I120: OvhdAnon OvhdMon_PVSCSIShadowRing                :           0
2012-04-21T15:36:44.657-04:00| vmx| I120: OvhdAnon OvhdMon_LSIRings                        :           0
2012-04-21T15:36:44.657-04:00| vmx| I120: OvhdAnon OvhdMon_FTCptScratchAS                  :           0
2012-04-21T15:36:44.657-04:00| vmx| I120: OvhdAnon Total                                   :        7678
2012-04-21T15:36:44.657-04:00| vmx| I120: 
2012-04-21T15:36:44.657-04:00| vmx| I120: OvhdMem initial overheads: paged 271033 nonpaged 8866 anonymous 0
2012-04-21T15:36:44.657-04:00| vmx| I120: 
2012-04-21T15:36:44.657-04:00| vmx| I120: VMMEM: Precise Reservation: 35MB (MainMem=1024MB SVGA=34MB)
2012-04-21T15:36:44.672-04:00| vmx| I120: Vix: [984 mainDispatch.c:999]: VMAutomation_PowerOn. Powering on.
2012-04-21T15:36:44.672-04:00| vmx| I120: VMX_PowerOn: ModuleTable_PowerOn = 1
2012-04-21T15:36:44.719-04:00| mks| I120: VTHREAD start thread 1 "mks" host id 2308
2012-04-21T15:36:44.719-04:00| mks| I120: Async MKS thread is alive
2012-04-21T15:36:44.719-04:00| vmx| I120: hread 2308 5076VTHREAD start thread 3 "vcpu-0" host id 3508
2012-04-21T15:36:44.719-04:00| vmx| I120: hread 3508 5076APIC: version = 0x10, max LVT = 5
2012-04-21T15:36:44.719-04:00| vcpu-0| I120: APIC: LDR = 0x8000000, DFR = 0xffffffff
2012-04-21T15:36:44.735-04:00| vcpu-0| I120: CPU reset: hard (mode 2)
2012-04-21T15:36:44.735-04:00| vcpu-0| I120: PIIX4: PM Resuming from suspend type 0x0, chipset.onlineStandby 0
2012-04-21T15:36:44.782-04:00| vcpu-0| I120: USB: Disconnecting device 0x4000000300000000
2012-04-21T15:36:44.782-04:00| vcpu-0| I120: USB: Connecting device 0x400000040e0f0003
2012-04-21T15:36:44.907-04:00| vcpu-0| I120: SOUND 002.434769 PCISoundWin32 mixerGetLineInfo error 1024
2012-04-21T15:36:44.907-04:00| vcpu-0| I120: VNET: ethernet0 enable link state propagation, lsp.state = 5
2012-04-21T15:36:44.908-04:00| vcpu-0| I120: VNET: MACVnetConnectToNetwork ethernet0 lsp.state = 4
2012-04-21T15:36:44.908-04:00| vcpu-0| I120: VNET: MACVNetConnectToNetwork Ethernet0: notify available
2012-04-21T15:36:44.908-04:00| vcpu-0| I120: FLOPPYLIB-MAIN : Using autodetect backend A: for floppy0.
2012-04-21T15:36:50.509-04:00| vcpu-0| I120: CDROM: Using autodetect backend G: for ide1:0.
2012-04-21T15:36:50.509-04:00| vcpu-0| I120: CDROM: Connecting ide1:0 to 'G:'. img=0 raw=1 remote=0
2012-04-21T15:36:50.524-04:00| vcpu-0| I120: CDROM-SG:  Opening device '\\?\scsi#cdrom&ven_elby&prod_clonedrive&rev_1.4#1&2afd7d61&0&000000#{53f56308-b6bf-11d0-94f2-00a0c91efb8b}'
2012-04-21T15:36:50.524-04:00| vcpu-0| I120: SGWIN:  '\\?\scsi#cdrom&ven_elby&prod_clonedrive&rev_1.4#1&2afd7d61&0&000000#{53f56308-b6bf-11d0-94f2-00a0c91efb8b}' Length 24 MaxTransferLength 131072 MaxPhysPages 17
2012-04-21T15:36:50.524-04:00| vcpu-0| I120+ SGWIN:  AlignMask 0x0 AsyncEvent TaggedQ ScanUp PIO
2012-04-21T15:36:50.524-04:00| vcpu-0| I120: CDROM: Checking initial physical media state...
2012-04-21T15:36:50.524-04:00| vcpu-0| I120: CDROM:  initial physical CDROM state is 4 (sense)
2012-04-21T15:36:51.289-04:00| vmx| I120: USB: Connecting device 0xc00000000e0f0008
2012-04-21T15:36:51.304-04:00| vmx| I120: WORKER: Creating new group with numThreads=16 (27)
2012-04-21T15:36:51.304-04:00| vcpu-0| I120: Vix: [3508 mainDispatch.c:4067]: VMAutomation_ReportPowerOpFinished: statevar=0, newAppState=1872, success=1 additionalError=0
2012-04-21T15:36:51.382-04:00| vcpu-0| I120: Vix: [3508 mainDispatch.c:3987]: VMAutomationReportPowerStateChange: Reporting power state change (opcode=0, err=0).
2012-04-21T15:36:51.382-04:00| vcpu-0| I120: Vix: [3508 mainDispatch.c:3987]: VMAutomationReportPowerStateChange: Reporting power state change (opcode=2, err=0).
2012-04-21T15:36:51.382-04:00| vcpu-0| I120: Transitioned vmx/execState/val to poweredOn
2012-04-21T15:36:51.382-04:00| vcpu-0| I120: VMM initialized.
2012-04-21T15:36:51.382-04:00| vcpu-0| I120: Microcode patch level: 0x10000b6  HWCR MSR: 0x1000010
2012-04-21T15:36:51.382-04:00| vmx| I120: VMXVmdbLoadUsbDevices: New set of 3 USB devices
2012-04-21T15:36:51.382-04:00| vmx| I120: USB: Found device [name:Y-E\ Data\ USB\ Floppy\ Drive vid:057b path:1/0/4 speed:full family:storage version:2]
2012-04-21T15:36:51.382-04:00| vmx| I120: USB: Found device [name:Broadcom\ BCM92035DGROM vid:0a5c pid:200a path:1/1/2/1 speed:full family:wireless,bluetooth version:2 serialnum:000EA132FED0]
2012-04-21T15:36:51.382-04:00| vmx| I120: USB: Found device [name:Virtual\ Bluetooth\ Adapter vid:0e0f pid:0008 speed:full family:wireless,bluetooth virtPath:usb:2 deviceType:virtual-bluetooth version:2 info:0000000], connected to [Virtual Hub 1, Port 1]
2012-04-21T15:36:51.382-04:00| vmx| I120: VNET: MACVNetLinkStateEventHandler: event, up:1, adapter:0
2012-04-21T15:36:51.382-04:00| vmx| I120: VNET: MACVNetLinkStateEventHandler: ethernet0 state from 4 to 6
2012-04-21T15:36:51.398-04:00| vcpu-0| I120: Monitor has started
2012-04-21T15:36:51.398-04:00| vcpu-0| I120: MonitorInitNumaUnmapVMM
2012-04-21T15:36:51.819-04:00| vcpu-0| I120: SVGA: Registering MemSpace at 0xd0000000(0x0) and 0xc8800000(0x0)
2012-04-21T15:36:51.819-04:00| vcpu-0| I120: SVGA: Unregistering MemSpace at 0xd0000000(0xd0000000) and 0xc8800000(0xc8800000)
2012-04-21T15:36:51.928-04:00| vcpu-0| I120: SVGA: Registering MemSpace at 0xd0000000(0xd0000000) and 0xc8800000(0xc8800000)
2012-04-21T15:36:51.928-04:00| vcpu-0| I120: SVGA: Unregistering MemSpace at 0xd0000000(0xd0000000) and 0xc8800000(0xc8800000)
2012-04-21T15:36:51.928-04:00| vcpu-0| I120: SVGA: Registering IOSpace at 0x10d0
2012-04-21T15:36:51.928-04:00| vcpu-0| I120: SVGA: Registering MemSpace at 0xd0000000(0xd0000000) and 0xc8800000(0xc8800000)
2012-04-21T15:36:51.944-04:00| vcpu-0| I120: PCIBridge4: ISA/VGA decoding enabled (ctrl 0004)
2012-04-21T15:36:51.944-04:00| vcpu-0| I120: pciBridge4:1: ISA/VGA decoding enabled (ctrl 0004)
2012-04-21T15:36:51.944-04:00| vcpu-0| I120: pciBridge4:2: ISA/VGA decoding enabled (ctrl 0004)
2012-04-21T15:36:51.944-04:00| vcpu-0| I120: pciBridge4:3: ISA/VGA decoding enabled (ctrl 0004)
2012-04-21T15:36:51.944-04:00| vcpu-0| I120: pciBridge4:4: ISA/VGA decoding enabled (ctrl 0004)
2012-04-21T15:36:51.944-04:00| vcpu-0| I120: pciBridge4:5: ISA/VGA decoding enabled (ctrl 0004)
2012-04-21T15:36:51.944-04:00| vcpu-0| I120: pciBridge4:6: ISA/VGA decoding enabled (ctrl 0004)
2012-04-21T15:36:51.944-04:00| vcpu-0| I120: pciBridge4:7: ISA/VGA decoding enabled (ctrl 0004)
2012-04-21T15:36:51.944-04:00| vcpu-0| I120: PCIBridge5: ISA/VGA decoding enabled (ctrl 0004)
2012-04-21T15:36:51.944-04:00| vcpu-0| I120: pciBridge5:1: ISA/VGA decoding enabled (ctrl 0004)
2012-04-21T15:36:51.944-04:00| vcpu-0| I120: pciBridge5:2: ISA/VGA decoding enabled (ctrl 0004)
2012-04-21T15:36:51.944-04:00| vcpu-0| I120: pciBridge5:3: ISA/VGA decoding enabled (ctrl 0004)
2012-04-21T15:36:51.944-04:00| vcpu-0| I120: pciBridge5:4: ISA/VGA decoding enabled (ctrl 0004)
2012-04-21T15:36:51.944-04:00| vcpu-0| I120: pciBridge5:5: ISA/VGA decoding enabled (ctrl 0004)
2012-04-21T15:36:51.944-04:00| vcpu-0| I120: pciBridge5:6: ISA/VGA decoding enabled (ctrl 0004)
2012-04-21T15:36:51.944-04:00| vcpu-0| I120: pciBridge5:7: ISA/VGA decoding enabled (ctrl 0004)
2012-04-21T15:36:51.944-04:00| vcpu-0| I120: PCIBridge6: ISA/VGA decoding enabled (ctrl 0004)
2012-04-21T15:36:51.960-04:00| vcpu-0| I120: pciBridge6:1: ISA/VGA decoding enabled (ctrl 0004)
2012-04-21T15:36:51.960-04:00| vcpu-0| I120: pciBridge6:2: ISA/VGA decoding enabled (ctrl 0004)
2012-04-21T15:36:51.960-04:00| vcpu-0| I120: pciBridge6:3: ISA/VGA decoding enabled (ctrl 0004)
2012-04-21T15:36:51.960-04:00| vcpu-0| I120: pciBridge6:4: ISA/VGA decoding enabled (ctrl 0004)
2012-04-21T15:36:51.960-04:00| vcpu-0| I120: pciBridge6:5: ISA/VGA decoding enabled (ctrl 0004)
2012-04-21T15:36:51.960-04:00| vcpu-0| I120: pciBridge6:6: ISA/VGA decoding enabled (ctrl 0004)
2012-04-21T15:36:51.960-04:00| vcpu-0| I120: pciBridge6:7: ISA/VGA decoding enabled (ctrl 0004)
2012-04-21T15:36:51.960-04:00| vcpu-0| I120: PCIBridge7: ISA/VGA decoding enabled (ctrl 0004)
2012-04-21T15:36:51.960-04:00| vcpu-0| I120: pciBridge7:1: ISA/VGA decoding enabled (ctrl 0004)
2012-04-21T15:36:51.960-04:00| vcpu-0| I120: pciBridge7:2: ISA/VGA decoding enabled (ctrl 0004)
2012-04-21T15:36:51.960-04:00| vcpu-0| I120: pciBridge7:3: ISA/VGA decoding enabled (ctrl 0004)
2012-04-21T15:36:51.960-04:00| vcpu-0| I120: pciBridge7:4: ISA/VGA decoding enabled (ctrl 0004)
2012-04-21T15:36:51.960-04:00| vcpu-0| I120: pciBridge7:5: ISA/VGA decoding enabled (ctrl 0004)
2012-04-21T15:36:51.960-04:00| vcpu-0| I120: pciBridge7:6: ISA/VGA decoding enabled (ctrl 0004)
2012-04-21T15:36:51.960-04:00| vcpu-0| I120: pciBridge7:7: ISA/VGA decoding enabled (ctrl 0004)
2012-04-21T15:36:51.991-04:00| vmx| I120: VNET: MACVNetLinkStateTimerHandler: ethernet0: state from 6 to 1
2012-04-21T15:36:52.162-04:00| mks| I120: GDI-Backend: successfully started by HWinMux to do window composition.
2012-04-21T15:36:52.162-04:00| mks| I120: MKS: Base polling period is 10000us
2012-04-21T15:36:52.209-04:00| mks| I120: MKS-SWB: Number of MKSWindows changed: 1 rendering MKSWindow(s) of total 1.
2012-04-21T15:36:52.225-04:00| vcpu-0| I120: PCIBridge4: ISA/VGA decoding enabled (ctrl 0004)
2012-04-21T15:36:52.225-04:00| vcpu-0| I120: pciBridge4:1: ISA/VGA decoding enabled (ctrl 0004)
2012-04-21T15:36:52.225-04:00| vcpu-0| I120: pciBridge4:2: ISA/VGA decoding enabled (ctrl 0004)
2012-04-21T15:36:52.240-04:00| vcpu-0| I120: pciBridge4:3: ISA/VGA decoding enabled (ctrl 0004)
2012-04-21T15:36:52.240-04:00| vcpu-0| I120: pciBridge4:4: ISA/VGA decoding enabled (ctrl 0004)
2012-04-21T15:36:52.240-04:00| vcpu-0| I120: pciBridge4:5: ISA/VGA decoding enabled (ctrl 0004)
2012-04-21T15:36:52.240-04:00| vcpu-0| I120: pciBridge4:6: ISA/VGA decoding enabled (ctrl 0004)
2012-04-21T15:36:52.240-04:00| vcpu-0| I120: pciBridge4:7: ISA/VGA decoding enabled (ctrl 0004)
2012-04-21T15:36:52.240-04:00| vcpu-0| I120: PCIBridge5: ISA/VGA decoding enabled (ctrl 0004)
2012-04-21T15:36:52.240-04:00| vcpu-0| I120: pciBridge5:1: ISA/VGA decoding enabled (ctrl 0004)
2012-04-21T15:36:52.240-04:00| vcpu-0| I120: pciBridge5:2: ISA/VGA decoding enabled (ctrl 0004)
2012-04-21T15:36:52.240-04:00| vcpu-0| I120: pciBridge5:3: ISA/VGA decoding enabled (ctrl 0004)
2012-04-21T15:36:52.240-04:00| vcpu-0| I120: pciBridge5:4: ISA/VGA decoding enabled (ctrl 0004)
2012-04-21T15:36:52.240-04:00| vcpu-0| I120: pciBridge5:5: ISA/VGA decoding enabled (ctrl 0004)
2012-04-21T15:36:52.240-04:00| vcpu-0| I120: pciBridge5:6: ISA/VGA decoding enabled (ctrl 0004)
2012-04-21T15:36:52.240-04:00| vcpu-0| I120: pciBridge5:7: ISA/VGA decoding enabled (ctrl 0004)
2012-04-21T15:36:52.240-04:00| vcpu-0| I120: PCIBridge6: ISA/VGA decoding enabled (ctrl 0004)
2012-04-21T15:36:52.240-04:00| vcpu-0| I120: pciBridge6:1: ISA/VGA decoding enabled (ctrl 0004)
2012-04-21T15:36:52.240-04:00| vcpu-0| I120: pciBridge6:2: ISA/VGA decoding enabled (ctrl 0004)
2012-04-21T15:36:52.256-04:00| vcpu-0| I120: pciBridge6:3: ISA/VGA decoding enabled (ctrl 0004)
2012-04-21T15:36:52.256-04:00| vcpu-0| I120: pciBridge6:4: ISA/VGA decoding enabled (ctrl 0004)
2012-04-21T15:36:52.256-04:00| vcpu-0| I120: pciBridge6:5: ISA/VGA decoding enabled (ctrl 0004)
2012-04-21T15:36:52.256-04:00| vcpu-0| I120: pciBridge6:6: ISA/VGA decoding enabled (ctrl 0004)
2012-04-21T15:36:52.256-04:00| vcpu-0| I120: pciBridge6:7: ISA/VGA decoding enabled (ctrl 0004)
2012-04-21T15:36:52.256-04:00| vcpu-0| I120: PCIBridge7: ISA/VGA decoding enabled (ctrl 0004)
2012-04-21T15:36:52.256-04:00| vcpu-0| I120: pciBridge7:1: ISA/VGA decoding enabled (ctrl 0004)
2012-04-21T15:36:52.256-04:00| vcpu-0| I120: pciBridge7:2: ISA/VGA decoding enabled (ctrl 0004)
2012-04-21T15:36:52.256-04:00| vcpu-0| I120: pciBridge7:3: ISA/VGA decoding enabled (ctrl 0004)
2012-04-21T15:36:52.256-04:00| vcpu-0| I120: pciBridge7:4: ISA/VGA decoding enabled (ctrl 0004)
2012-04-21T15:36:52.256-04:00| vcpu-0| I120: pciBridge7:5: ISA/VGA decoding enabled (ctrl 0004)
2012-04-21T15:36:52.256-04:00| vcpu-0| I120: pciBridge7:6: ISA/VGA decoding enabled (ctrl 0004)
2012-04-21T15:36:52.256-04:00| vcpu-0| I120: pciBridge7:7: ISA/VGA decoding enabled (ctrl 0004)
2012-04-21T15:36:52.272-04:00| vcpu-0| I120: DISKUTIL: scsi0:0 : geometry=652/255/63
2012-04-21T15:36:52.272-04:00| vcpu-0| I120: DISKUTIL: scsi0:0 : capacity=10485760
2012-04-21T15:36:52.272-04:00| vcpu-0| I120: SCSI0: RESET BUS
2012-04-21T15:36:52.428-04:00| vcpu-0| I120: BIOS-UUID is 56 4d 32 59 7a ad 78 be-46 fe 4b 7c 34 d4 4f df
2012-04-21T15:36:57.232-04:00| vcpu-0| I120: FLOPPYLIB-LIB  : Win32Ioctl: syserror The device is not ready.
2012-04-21T15:36:57.232-04:00| vcpu-0| I120: FLOPPYLIB-LIB  : Win32Ioctl: syserror The device is not ready.
2012-04-21T15:36:57.248-04:00| vcpu-0| I120: FLOPPYLIB-LIB  : Win32Ioctl: syserror The device is not ready.
2012-04-21T15:36:57.248-04:00| vcpu-0| I120: FLOPPYLIB-LIB  : Win32Ioctl: syserror The device is not ready.
2012-04-21T15:36:57.264-04:00| vcpu-0| I120: FLOPPYLIB-LIB  : Win32Ioctl: syserror The device is not ready.
2012-04-21T15:36:57.264-04:00| vcpu-0| I120: FLOPPYLIB-LIB  : Win32Ioctl: syserror The device is not ready.
2012-04-21T15:36:57.279-04:00| vcpu-0| I120: FLOPPYLIB-LIB  : Win32Ioctl: syserror The device is not ready.
2012-04-21T15:36:57.279-04:00| vcpu-0| I120: FLOPPYLIB-LIB  : Win32Ioctl: syserror The device is not ready.
2012-04-21T15:37:01.866-04:00| vcpu-0| I120: FLOPPYLIB-LIB  : Win32Ioctl: syserror The device is not ready.
2012-04-21T15:37:01.866-04:00| vcpu-0| I120: FLOPPYLIB-LIB  : Win32Ioctl: syserror The device is not ready.
2012-04-21T15:37:01.866-04:00| vcpu-0| I120: FLOPPYLIB-LIB  : Win32Ioctl: syserror The device is not ready.
2012-04-21T15:37:01.881-04:00| vcpu-0| I120: FLOPPYLIB-LIB  : Win32Ioctl: syserror The device is not ready.
2012-04-21T15:37:02.380-04:00| vcpu-0| I120: MKS enabling SVGA
2012-04-21T15:37:04.658-04:00| mks| I120: MKS disabling SVGA
2012-04-21T15:37:05.163-04:00| vcpu-0| I120: SVGA: Unregistering IOSpace at 0x10d0
2012-04-21T15:37:05.163-04:00| vcpu-0| I120: SVGA: Registering IOSpace at 0xfffffff0
2012-04-21T15:37:05.163-04:00| vcpu-0| I120: SVGA: Unregistering IOSpace at 0xfffffff0
2012-04-21T15:37:05.163-04:00| vcpu-0| I120: SVGA: Registering IOSpace at 0x10d0
2012-04-21T15:37:05.185-04:00| vcpu-0| I120: PCIBridge4: ISA/VGA decoding enabled (ctrl 0004)
2012-04-21T15:37:05.188-04:00| vcpu-0| I120: PCIBridge4: ISA/VGA decoding enabled (ctrl 0004)
2012-04-21T15:37:05.188-04:00| vcpu-0| I120: pciBridge4:1: ISA/VGA decoding enabled (ctrl 0004)
2012-04-21T15:37:05.188-04:00| vcpu-0| I120: pciBridge4:1: ISA/VGA decoding enabled (ctrl 0004)
2012-04-21T15:37:05.188-04:00| vcpu-0| I120: pciBridge4:2: ISA/VGA decoding enabled (ctrl 0004)
2012-04-21T15:37:05.188-04:00| vcpu-0| I120: pciBridge4:2: ISA/VGA decoding enabled (ctrl 0004)
2012-04-21T15:37:05.188-04:00| vcpu-0| I120: pciBridge4:3: ISA/VGA decoding enabled (ctrl 0004)
2012-04-21T15:37:05.188-04:00| vcpu-0| I120: pciBridge4:3: ISA/VGA decoding enabled (ctrl 0004)
2012-04-21T15:37:05.188-04:00| vcpu-0| I120: pciBridge4:4: ISA/VGA decoding enabled (ctrl 0004)
2012-04-21T15:37:05.188-04:00| vcpu-0| I120: pciBridge4:4: ISA/VGA decoding enabled (ctrl 0004)
2012-04-21T15:37:05.188-04:00| vcpu-0| I120: pciBridge4:5: ISA/VGA decoding enabled (ctrl 0004)
2012-04-21T15:37:05.188-04:00| vcpu-0| I120: pciBridge4:5: ISA/VGA decoding enabled (ctrl 0004)
2012-04-21T15:37:05.188-04:00| vcpu-0| I120: pciBridge4:6: ISA/VGA decoding enabled (ctrl 0004)
2012-04-21T15:37:05.188-04:00| vcpu-0| I120: pciBridge4:6: ISA/VGA decoding enabled (ctrl 0004)
2012-04-21T15:37:05.188-04:00| vcpu-0| I120: pciBridge4:7: ISA/VGA decoding enabled (ctrl 0004)
2012-04-21T15:37:05.190-04:00| vcpu-0| I120: pciBridge4:7: ISA/VGA decoding enabled (ctrl 0004)
2012-04-21T15:37:05.190-04:00| vcpu-0| I120: PCIBridge5: ISA/VGA decoding enabled (ctrl 0004)
2012-04-21T15:37:05.190-04:00| vcpu-0| I120: PCIBridge5: ISA/VGA decoding enabled (ctrl 0004)
2012-04-21T15:37:05.190-04:00| vcpu-0| I120: pciBridge5:1: ISA/VGA decoding enabled (ctrl 0004)
2012-04-21T15:37:05.190-04:00| vcpu-0| I120: pciBridge5:1: ISA/VGA decoding enabled (ctrl 0004)
2012-04-21T15:37:05.190-04:00| vcpu-0| I120: pciBridge5:2: ISA/VGA decoding enabled (ctrl 0004)
2012-04-21T15:37:05.190-04:00| vcpu-0| I120: pciBridge5:2: ISA/VGA decoding enabled (ctrl 0004)
2012-04-21T15:37:05.190-04:00| vcpu-0| I120: pciBridge5:3: ISA/VGA decoding enabled (ctrl 0004)
2012-04-21T15:37:05.190-04:00| vcpu-0| I120: pciBridge5:3: ISA/VGA decoding enabled (ctrl 0004)
2012-04-21T15:37:05.190-04:00| vcpu-0| I120: pciBridge5:4: ISA/VGA decoding enabled (ctrl 0004)
2012-04-21T15:37:05.190-04:00| vcpu-0| I120: pciBridge5:4: ISA/VGA decoding enabled (ctrl 0004)
2012-04-21T15:37:05.190-04:00| vcpu-0| I120: pciBridge5:5: ISA/VGA decoding enabled (ctrl 0004)
2012-04-21T15:37:05.190-04:00| vcpu-0| I120: pciBridge5:5: ISA/VGA decoding enabled (ctrl 0004)
2012-04-21T15:37:05.190-04:00| vcpu-0| I120: pciBridge5:6: ISA/VGA decoding enabled (ctrl 0004)
2012-04-21T15:37:05.193-04:00| vcpu-0| I120: pciBridge5:6: ISA/VGA decoding enabled (ctrl 0004)
2012-04-21T15:37:05.193-04:00| vcpu-0| I120: pciBridge5:7: ISA/VGA decoding enabled (ctrl 0004)
2012-04-21T15:37:05.193-04:00| vcpu-0| I120: pciBridge5:7: ISA/VGA decoding enabled (ctrl 0004)
2012-04-21T15:37:05.193-04:00| vcpu-0| I120: PCIBridge6: ISA/VGA decoding enabled (ctrl 0004)
2012-04-21T15:37:05.193-04:00| vcpu-0| I120: PCIBridge6: ISA/VGA decoding enabled (ctrl 0004)
2012-04-21T15:37:05.193-04:00| vcpu-0| I120: pciBridge6:1: ISA/VGA decoding enabled (ctrl 0004)
2012-04-21T15:37:05.193-04:00| vcpu-0| I120: pciBridge6:1: ISA/VGA decoding enabled (ctrl 0004)
2012-04-21T15:37:05.193-04:00| vcpu-0| I120: pciBridge6:2: ISA/VGA decoding enabled (ctrl 0004)
2012-04-21T15:37:05.193-04:00| vcpu-0| I120: pciBridge6:2: ISA/VGA decoding enabled (ctrl 0004)
2012-04-21T15:37:05.193-04:00| vcpu-0| I120: pciBridge6:3: ISA/VGA decoding enabled (ctrl 0004)
2012-04-21T15:37:05.193-04:00| vcpu-0| I120: pciBridge6:3: ISA/VGA decoding enabled (ctrl 0004)
2012-04-21T15:37:05.193-04:00| vcpu-0| I120: pciBridge6:4: ISA/VGA decoding enabled (ctrl 0004)
2012-04-21T15:37:05.193-04:00| vcpu-0| I120: pciBridge6:4: ISA/VGA decoding enabled (ctrl 0004)
2012-04-21T15:37:05.193-04:00| vcpu-0| I120: pciBridge6:5: ISA/VGA decoding enabled (ctrl 0004)
2012-04-21T15:37:05.195-04:00| vcpu-0| I120: pciBridge6:5: ISA/VGA decoding enabled (ctrl 0004)
2012-04-21T15:37:05.195-04:00| vcpu-0| I120: pciBridge6:6: ISA/VGA decoding enabled (ctrl 0004)
2012-04-21T15:37:05.195-04:00| vcpu-0| I120: pciBridge6:6: ISA/VGA decoding enabled (ctrl 0004)
2012-04-21T15:37:05.195-04:00| vcpu-0| I120: pciBridge6:7: ISA/VGA decoding enabled (ctrl 0004)
2012-04-21T15:37:05.195-04:00| vcpu-0| I120: pciBridge6:7: ISA/VGA decoding enabled (ctrl 0004)
2012-04-21T15:37:05.195-04:00| vcpu-0| I120: PCIBridge7: ISA/VGA decoding enabled (ctrl 0004)
2012-04-21T15:37:05.195-04:00| vcpu-0| I120: PCIBridge7: ISA/VGA decoding enabled (ctrl 0004)
2012-04-21T15:37:05.195-04:00| vcpu-0| I120: pciBridge7:1: ISA/VGA decoding enabled (ctrl 0004)
2012-04-21T15:37:05.195-04:00| vcpu-0| I120: pciBridge7:1: ISA/VGA decoding enabled (ctrl 0004)
2012-04-21T15:37:05.195-04:00| vcpu-0| I120: pciBridge7:2: ISA/VGA decoding enabled (ctrl 0004)
2012-04-21T15:37:05.195-04:00| vcpu-0| I120: pciBridge7:2: ISA/VGA decoding enabled (ctrl 0004)
2012-04-21T15:37:05.195-04:00| vcpu-0| I120: pciBridge7:3: ISA/VGA decoding enabled (ctrl 0004)
2012-04-21T15:37:05.195-04:00| vcpu-0| I120: pciBridge7:3: ISA/VGA decoding enabled (ctrl 0004)
2012-04-21T15:37:05.195-04:00| vcpu-0| I120: pciBridge7:4: ISA/VGA decoding enabled (ctrl 0004)
2012-04-21T15:37:05.198-04:00| vcpu-0| I120: pciBridge7:4: ISA/VGA decoding enabled (ctrl 0004)
2012-04-21T15:37:05.198-04:00| vcpu-0| I120: pciBridge7:5: ISA/VGA decoding enabled (ctrl 0004)
2012-04-21T15:37:05.198-04:00| vcpu-0| I120: pciBridge7:5: ISA/VGA decoding enabled (ctrl 0004)
2012-04-21T15:37:05.198-04:00| vcpu-0| I120: pciBridge7:6: ISA/VGA decoding enabled (ctrl 0004)
2012-04-21T15:37:05.198-04:00| vcpu-0| I120: pciBridge7:6: ISA/VGA decoding enabled (ctrl 0004)
2012-04-21T15:37:05.198-04:00| vcpu-0| I120: pciBridge7:7: ISA/VGA decoding enabled (ctrl 0004)
2012-04-21T15:37:05.198-04:00| vcpu-0| I120: pciBridge7:7: ISA/VGA decoding enabled (ctrl 0004)
2012-04-21T15:37:05.198-04:00| vcpu-0| I120: PCIBridge4: ISA/VGA decoding enabled (ctrl 0004)
2012-04-21T15:37:05.198-04:00| vcpu-0| I120: PCIBridge4: ISA/VGA decoding enabled (ctrl 0004)
2012-04-21T15:37:05.198-04:00| vcpu-0| I120: pciBridge4:1: ISA/VGA decoding enabled (ctrl 0004)
2012-04-21T15:37:05.198-04:00| vcpu-0| I120: pciBridge4:1: ISA/VGA decoding enabled (ctrl 0004)
2012-04-21T15:37:05.198-04:00| vcpu-0| I120: pciBridge4:2: ISA/VGA decoding enabled (ctrl 0004)
2012-04-21T15:37:05.198-04:00| vcpu-0| I120: pciBridge4:2: ISA/VGA decoding enabled (ctrl 0004)
2012-04-21T15:37:05.198-04:00| vcpu-0| I120: pciBridge4:3: ISA/VGA decoding enabled (ctrl 0004)
2012-04-21T15:37:05.198-04:00| vcpu-0| I120: pciBridge4:3: ISA/VGA decoding enabled (ctrl 0004)
2012-04-21T15:37:05.198-04:00| vcpu-0| I120: pciBridge4:4: ISA/VGA decoding enabled (ctrl 0004)
2012-04-21T15:37:05.198-04:00| vcpu-0| I120: pciBridge4:4: ISA/VGA decoding enabled (ctrl 0004)
2012-04-21T15:37:05.198-04:00| vcpu-0| I120: pciBridge4:5: ISA/VGA decoding enabled (ctrl 0004)
2012-04-21T15:37:05.198-04:00| vcpu-0| I120: pciBridge4:5: ISA/VGA decoding enabled (ctrl 0004)
2012-04-21T15:37:05.198-04:00| vcpu-0| I120: pciBridge4:6: ISA/VGA decoding enabled (ctrl 0004)
2012-04-21T15:37:05.198-04:00| vcpu-0| I120: pciBridge4:6: ISA/VGA decoding enabled (ctrl 0004)
2012-04-21T15:37:05.198-04:00| vcpu-0| I120: pciBridge4:7: ISA/VGA decoding enabled (ctrl 0004)
2012-04-21T15:37:05.198-04:00| vcpu-0| I120: pciBridge4:7: ISA/VGA decoding enabled (ctrl 0004)
2012-04-21T15:37:05.198-04:00| vcpu-0| I120: PCIBridge5: ISA/VGA decoding enabled (ctrl 0004)
2012-04-21T15:37:05.198-04:00| vcpu-0| I120: PCIBridge5: ISA/VGA decoding enabled (ctrl 0004)
2012-04-21T15:37:05.198-04:00| vcpu-0| I120: pciBridge5:1: ISA/VGA decoding enabled (ctrl 0004)
2012-04-21T15:37:05.198-04:00| vcpu-0| I120: pciBridge5:1: ISA/VGA decoding enabled (ctrl 0004)
2012-04-21T15:37:05.198-04:00| vcpu-0| I120: pciBridge5:2: ISA/VGA decoding enabled (ctrl 0004)
2012-04-21T15:37:05.198-04:00| vcpu-0| I120: pciBridge5:2: ISA/VGA decoding enabled (ctrl 0004)
2012-04-21T15:37:05.198-04:00| vcpu-0| I120: pciBridge5:3: ISA/VGA decoding enabled (ctrl 0004)
2012-04-21T15:37:05.198-04:00| vcpu-0| I120: pciBridge5:3: ISA/VGA decoding enabled (ctrl 0004)
2012-04-21T15:37:05.198-04:00| vcpu-0| I120: pciBridge5:4: ISA/VGA decoding enabled (ctrl 0004)
2012-04-21T15:37:05.198-04:00| vcpu-0| I120: pciBridge5:4: ISA/VGA decoding enabled (ctrl 0004)
2012-04-21T15:37:05.198-04:00| vcpu-0| I120: pciBridge5:5: ISA/VGA decoding enabled (ctrl 0004)
2012-04-21T15:37:05.198-04:00| vcpu-0| I120: pciBridge5:5: ISA/VGA decoding enabled (ctrl 0004)
2012-04-21T15:37:05.198-04:00| vcpu-0| I120: pciBridge5:6: ISA/VGA decoding enabled (ctrl 0004)
2012-04-21T15:37:05.198-04:00| vcpu-0| I120: pciBridge5:6: ISA/VGA decoding enabled (ctrl 0004)
2012-04-21T15:37:05.198-04:00| vcpu-0| I120: pciBridge5:7: ISA/VGA decoding enabled (ctrl 0004)
2012-04-21T15:37:05.198-04:00| vcpu-0| I120: pciBridge5:7: ISA/VGA decoding enabled (ctrl 0004)
2012-04-21T15:37:05.198-04:00| vcpu-0| I120: PCIBridge6: ISA/VGA decoding enabled (ctrl 0004)
2012-04-21T15:37:05.198-04:00| vcpu-0| I120: PCIBridge6: ISA/VGA decoding enabled (ctrl 0004)
2012-04-21T15:37:05.198-04:00| vcpu-0| I120: pciBridge6:1: ISA/VGA decoding enabled (ctrl 0004)
2012-04-21T15:37:05.200-04:00| vcpu-0| I120: pciBridge6:1: ISA/VGA decoding enabled (ctrl 0004)
2012-04-21T15:37:05.200-04:00| vcpu-0| I120: pciBridge6:2: ISA/VGA decoding enabled (ctrl 0004)
2012-04-21T15:37:05.200-04:00| vcpu-0| I120: pciBridge6:2: ISA/VGA decoding enabled (ctrl 0004)
2012-04-21T15:37:05.200-04:00| vcpu-0| I120: pciBridge6:3: ISA/VGA decoding enabled (ctrl 0004)
2012-04-21T15:37:05.200-04:00| vcpu-0| I120: pciBridge6:3: ISA/VGA decoding enabled (ctrl 0004)
2012-04-21T15:37:05.200-04:00| vcpu-0| I120: pciBridge6:4: ISA/VGA decoding enabled (ctrl 0004)
2012-04-21T15:37:05.200-04:00| vcpu-0| I120: pciBridge6:4: ISA/VGA decoding enabled (ctrl 0004)
2012-04-21T15:37:05.200-04:00| vcpu-0| I120: pciBridge6:5: ISA/VGA decoding enabled (ctrl 0004)
2012-04-21T15:37:05.200-04:00| vcpu-0| I120: pciBridge6:5: ISA/VGA decoding enabled (ctrl 0004)
2012-04-21T15:37:05.200-04:00| vcpu-0| I120: pciBridge6:6: ISA/VGA decoding enabled (ctrl 0004)
2012-04-21T15:37:05.200-04:00| vcpu-0| I120: pciBridge6:6: ISA/VGA decoding enabled (ctrl 0004)
2012-04-21T15:37:05.200-04:00| vcpu-0| I120: pciBridge6:7: ISA/VGA decoding enabled (ctrl 0004)
2012-04-21T15:37:05.200-04:00| vcpu-0| I120: pciBridge6:7: ISA/VGA decoding enabled (ctrl 0004)
2012-04-21T15:37:05.200-04:00| vcpu-0| I120: PCIBridge7: ISA/VGA decoding enabled (ctrl 0004)
2012-04-21T15:37:05.200-04:00| vcpu-0| I120: PCIBridge7: ISA/VGA decoding enabled (ctrl 0004)
2012-04-21T15:37:05.200-04:00| vcpu-0| I120: pciBridge7:1: ISA/VGA decoding enabled (ctrl 0004)
2012-04-21T15:37:05.200-04:00| vcpu-0| I120: pciBridge7:1: ISA/VGA decoding enabled (ctrl 0004)
2012-04-21T15:37:05.200-04:00| vcpu-0| I120: pciBridge7:2: ISA/VGA decoding enabled (ctrl 0004)
2012-04-21T15:37:05.200-04:00| vcpu-0| I120: pciBridge7:2: ISA/VGA decoding enabled (ctrl 0004)
2012-04-21T15:37:05.200-04:00| vcpu-0| I120: pciBridge7:3: ISA/VGA decoding enabled (ctrl 0004)
2012-04-21T15:37:05.200-04:00| vcpu-0| I120: pciBridge7:3: ISA/VGA decoding enabled (ctrl 0004)
2012-04-21T15:37:05.200-04:00| vcpu-0| I120: pciBridge7:4: ISA/VGA decoding enabled (ctrl 0004)
2012-04-21T15:37:05.200-04:00| vcpu-0| I120: pciBridge7:4: ISA/VGA decoding enabled (ctrl 0004)
2012-04-21T15:37:05.200-04:00| vcpu-0| I120: pciBridge7:5: ISA/VGA decoding enabled (ctrl 0004)
2012-04-21T15:37:05.200-04:00| vcpu-0| I120: pciBridge7:5: ISA/VGA decoding enabled (ctrl 0004)
2012-04-21T15:37:05.200-04:00| vcpu-0| I120: pciBridge7:6: ISA/VGA decoding enabled (ctrl 0004)
2012-04-21T15:37:05.200-04:00| vcpu-0| I120: pciBridge7:6: ISA/VGA decoding enabled (ctrl 0004)
2012-04-21T15:37:05.200-04:00| vcpu-0| I120: pciBridge7:7: ISA/VGA decoding enabled (ctrl 0004)
2012-04-21T15:37:05.200-04:00| vcpu-0| I120: pciBridge7:7: ISA/VGA decoding enabled (ctrl 0004)
2012-04-21T15:37:05.583-04:00| vcpu-0| I120: PCIBridge4: ISA/VGA decoding enabled (ctrl 0004)
2012-04-21T15:37:05.583-04:00| vcpu-0| I120: pciBridge4:1: ISA/VGA decoding enabled (ctrl 0004)
2012-04-21T15:37:05.583-04:00| vcpu-0| I120: pciBridge4:2: ISA/VGA decoding enabled (ctrl 0004)
2012-04-21T15:37:05.583-04:00| vcpu-0| I120: pciBridge4:3: ISA/VGA decoding enabled (ctrl 0004)
2012-04-21T15:37:05.583-04:00| vcpu-0| I120: pciBridge4:4: ISA/VGA decoding enabled (ctrl 0004)
2012-04-21T15:37:05.583-04:00| vcpu-0| I120: pciBridge4:5: ISA/VGA decoding enabled (ctrl 0004)
2012-04-21T15:37:05.583-04:00| vcpu-0| I120: pciBridge4:6: ISA/VGA decoding enabled (ctrl 0004)
2012-04-21T15:37:05.583-04:00| vcpu-0| I120: pciBridge4:7: ISA/VGA decoding enabled (ctrl 0004)
2012-04-21T15:37:05.583-04:00| vcpu-0| I120: PCIBridge5: ISA/VGA decoding enabled (ctrl 0004)
2012-04-21T15:37:05.583-04:00| vcpu-0| I120: pciBridge5:1: ISA/VGA decoding enabled (ctrl 0004)
2012-04-21T15:37:05.585-04:00| vcpu-0| I120: pciBridge5:2: ISA/VGA decoding enabled (ctrl 0004)
2012-04-21T15:37:05.585-04:00| vcpu-0| I120: pciBridge5:3: ISA/VGA decoding enabled (ctrl 0004)
2012-04-21T15:37:05.585-04:00| vcpu-0| I120: pciBridge5:4: ISA/VGA decoding enabled (ctrl 0004)
2012-04-21T15:37:05.585-04:00| vcpu-0| I120: pciBridge5:5: ISA/VGA decoding enabled (ctrl 0004)
2012-04-21T15:37:05.585-04:00| vcpu-0| I120: pciBridge5:6: ISA/VGA decoding enabled (ctrl 0004)
2012-04-21T15:37:05.585-04:00| vcpu-0| I120: pciBridge5:7: ISA/VGA decoding enabled (ctrl 0004)
2012-04-21T15:37:05.585-04:00| vcpu-0| I120: PCIBridge6: ISA/VGA decoding enabled (ctrl 0004)
2012-04-21T15:37:05.585-04:00| vcpu-0| I120: pciBridge6:1: ISA/VGA decoding enabled (ctrl 0004)
2012-04-21T15:37:05.585-04:00| vcpu-0| I120: pciBridge6:2: ISA/VGA decoding enabled (ctrl 0004)
2012-04-21T15:37:05.585-04:00| vcpu-0| I120: pciBridge6:3: ISA/VGA decoding enabled (ctrl 0004)
2012-04-21T15:37:05.585-04:00| vcpu-0| I120: pciBridge6:4: ISA/VGA decoding enabled (ctrl 0004)
2012-04-21T15:37:05.585-04:00| vcpu-0| I120: pciBridge6:5: ISA/VGA decoding enabled (ctrl 0004)
2012-04-21T15:37:05.585-04:00| vcpu-0| I120: pciBridge6:6: ISA/VGA decoding enabled (ctrl 0004)
2012-04-21T15:37:05.585-04:00| vcpu-0| I120: pciBridge6:7: ISA/VGA decoding enabled (ctrl 0004)
2012-04-21T15:37:05.585-04:00| vcpu-0| I120: PCIBridge7: ISA/VGA decoding enabled (ctrl 0004)
2012-04-21T15:37:05.585-04:00| vcpu-0| I120: pciBridge7:1: ISA/VGA decoding enabled (ctrl 0004)
2012-04-21T15:37:05.585-04:00| vcpu-0| I120: pciBridge7:2: ISA/VGA decoding enabled (ctrl 0004)
2012-04-21T15:37:05.585-04:00| vcpu-0| I120: pciBridge7:3: ISA/VGA decoding enabled (ctrl 0004)
2012-04-21T15:37:05.585-04:00| vcpu-0| I120: pciBridge7:4: ISA/VGA decoding enabled (ctrl 0004)
2012-04-21T15:37:05.585-04:00| vcpu-0| I120: pciBridge7:5: ISA/VGA decoding enabled (ctrl 0004)
2012-04-21T15:37:05.585-04:00| vcpu-0| I120: pciBridge7:6: ISA/VGA decoding enabled (ctrl 0004)
2012-04-21T15:37:05.585-04:00| vcpu-0| I120: pciBridge7:7: ISA/VGA decoding enabled (ctrl 0004)
2012-04-21T15:37:05.603-04:00| vcpu-0| I120: UHCI: HCReset
2012-04-21T15:37:05.993-04:00| vcpu-0| I120: UHCI: HCReset
2012-04-21T15:37:07.323-04:00| vcpu-0| W110: VIDE: Truncating 0x46 from 65530 bytes to 32768
2012-04-21T15:37:07.940-04:00| vcpu-0| I120: SCSI0: RESET BUS
2012-04-21T15:37:08.535-04:00| vcpu-0| I120: SCSI0: RESET BUS
2012-04-21T15:37:08.563-04:00| vcpu-0| I120: SCSI DEVICE (scsi0:0): MODE SENSE(6) for unsupported page 0x8
2012-04-21T15:37:08.563-04:00| vcpu-0| I120: SCSI DEVICE (scsi0:0): MODE SENSE(6) for unsupported page 0x8
2012-04-21T15:37:08.653-04:00| vcpu-0| I120: SCSI DEVICE (scsi0:0): MODE SENSE(6) for unsupported page 0x8
2012-04-21T15:37:10.035-04:00| vcpu-0| I120: DISKLIB-DDB   : "longContentID" = "80a015dc8e9ec75b12bc01322743e14e" (was "a0a6ed2bbd479cbadbd3e62c02b84de4")
2012-04-21T15:37:17.850-04:00| vmx| I120: VNET: MACVNetLinkStateTimerHandler: ethernet0: state from 1 to 5
2012-04-21T15:37:18.535-04:00| vcpu-0| I120: KEYBOARD: Invalid mouse sample rate 102 Hz, using 100 instead
2012-04-21T15:37:18.540-04:00| vcpu-0| W110: VIDE: Truncating 0x46 from 65530 bytes to 32768
2012-04-21T15:37:19.038-04:00| vcpu-0| I120: VMMouse: CMD Read ID
2012-04-21T15:37:19.038-04:00| vcpu-0| I120: VMMouse: CMD Disable
2012-04-21T15:37:19.038-04:00| vcpu-0| I120: VMMouse: Disabling VMMouse mode
2012-04-21T15:37:19.040-04:00| vcpu-0| I120: VMMouse: CMD Read ID
2012-04-21T15:37:19.040-04:00| vcpu-0| I120: VMMouse: CMD Disable
2012-04-21T15:37:19.040-04:00| vcpu-0| I120: VMMouse: Disabling VMMouse mode
2012-04-21T15:37:19.665-04:00| vcpu-0| I120: SCSI scsi0:0: Unsupported command *UNKNOWN (0x85)* issued. --ok
2012-04-21T15:37:19.668-04:00| vcpu-0| I120: SCSI scsi0:0: Unsupported command *UNKNOWN (0x85)* issued. --ok
2012-04-21T15:37:19.668-04:00| vcpu-0| I120: SCSI scsi0:0: Unsupported command *UNKNOWN (0x85)* issued. --ok
2012-04-21T15:37:20.588-04:00| vcpu-0| I120: SOUND 038.116402 PCISoundWin32 mixerGetLineInfo error 1024
2012-04-21T15:37:21.360-04:00| vcpu-0| I120: VLANCE: Returning 0x0 for LANCE_EXTINT IN
2012-04-21T15:37:21.360-04:00| vcpu-0| I120: VLANCE: Ignoring LANCE_EXTINT OUT of 0x1
2012-04-21T15:37:21.558-04:00| vcpu-0| I120: VLANCE: IN on LANCE_MODE while not stopped: 0x73
2012-04-21T15:37:21.558-04:00| vcpu-0| I120: VLANCE: OUT on LANCE_PADR2 while not stopped: 0x73, word: 0x0
2012-04-21T15:37:21.558-04:00| vcpu-0| I120: VLANCE: OUT on LANCE_LADRF0 while not stopped: 0x73, word: 0x0
2012-04-21T15:37:21.558-04:00| vcpu-0| I120: VLANCE: OUT on LANCE_LADRF1 while not stopped: 0x73, word: 0x80
2012-04-21T15:37:21.558-04:00| vcpu-0| I120: VLANCE: OUT on LANCE_LADRF2 while not stopped: 0x73, word: 0x0
2012-04-21T15:37:21.558-04:00| vcpu-0| I120: VLANCE: OUT on LANCE_LADRF3 while not stopped: 0x73, word: 0x0
2012-04-21T15:37:28.518-04:00| vmx| I120: USBGW: Write arbitrator op:13 len:22
2012-04-21T15:37:36.748-04:00| vcpu-0| I120: SVGA: Sync FIFO with SVGA disabled
2012-04-21T15:37:36.748-04:00| vcpu-0| I120: MKS enabling SVGA
2012-04-21T15:37:36.758-04:00| vcpu-0| I120: Guest OS = 0x5008
2012-04-21T15:37:36.765-04:00| vcpu-0| I120: Guest display topology changed: numDisplays 1
2012-04-21T15:37:38.738-04:00| vcpu-0| I120: VMMouse: CMD Read ID
2012-04-21T15:37:38.738-04:00| vcpu-0| I120: VMMouse: CMD Disable
2012-04-21T15:37:38.738-04:00| vcpu-0| I120: VMMouse: Disabling VMMouse mode
2012-04-21T15:37:38.745-04:00| vcpu-0| I120: VMMouse: CMD Read ID
2012-04-21T15:37:41.653-04:00| vcpu-0| W110: VMMouse: CMD Received 0x53424152 with 4 words of unread data!
2012-04-21T15:37:41.883-04:00| mks| I120: MKS switching absolute mouse on
2012-04-21T15:37:51.393-04:00| vmx| I120: GuestRpcSendTimedOut: message to toolbox-dnd timed out.
2012-04-21T15:37:54.503-04:00| vmx| I120: USBGW: Write arbitrator op:13 len:22
2012-04-21T15:37:55.220-04:00| vmx| I120: USBGW: Write arbitrator op:13 len:22
2012-04-21T15:37:55.345-04:00| vmx| I120: USBGW: Write arbitrator op:13 len:22
2012-04-21T15:37:58.668-04:00| vmx| I120: USBGW: Write arbitrator op:13 len:22
2012-04-21T15:37:58.746-04:00| vmx| I120: USBGW: Write arbitrator op:13 len:22
2012-04-21T15:38:03.691-04:00| vmx| I120: VMXVmdbCbVmVmxExecState: Exec state change requested to state suspended without reset, soft, softOptionTimeout: 20000000.
2012-04-21T15:38:03.691-04:00| vmx| I120: SUSPEND: Start (flags=0 prog=0 progData=0 cb=1400079E0 cbData=0)
2012-04-21T15:38:03.691-04:00| vmx| I120: MsgHint: msg.checkpoint.nfsMountedHint
2012-04-21T15:38:03.691-04:00| vmx| I120+ The snapshot/suspend file is stored on a remote file system. Improve performance by specifying a local directory for your snapshot/suspend file in the virtual machine settings.
2012-04-21T15:38:03.691-04:00| vmx| I120+ Select OK to continue, Cancel to power off.
2012-04-21T15:38:03.691-04:00| vmx| I120+ ---------------------------------------
2012-04-21T15:38:08.777-04:00| vmx| I120: Vix: [984 mainDispatch.c:4067]: VMAutomation_ReportPowerOpFinished: statevar=1, newAppState=1874, success=0 additionalError=0
2012-04-21T15:38:08.777-04:00| vmx| I120: Vix: [984 mainDispatch.c:4106]: Error VIX_E_FAIL in VMAutomation_ReportPowerOpFinished(): Unknown error
2012-04-21T15:38:08.777-04:00| vmx| I120: Vix: [984 mainDispatch.c:3987]: VMAutomationReportPowerStateChange: Reporting power state change (opcode=3, err=1).
2012-04-21T15:38:08.777-04:00| vmx| I120: SUSPEND: Failed to suspend: 'Unknown error' (1)
2012-04-21T15:38:08.777-04:00| vmx| I120: Msg_Post: Error
2012-04-21T15:38:08.777-04:00| vmx| I120: [msg.checkpoint.byuser] Taking a snapshot canceled by user request.
2012-04-21T15:38:08.777-04:00| vmx| I120: [msg.checkpoint.verifyFailFileName] Unable to save file 'Y:\weblinux\weblinux core 2.0\weblinux core 2.0-187d65e5.vmss'.
2012-04-21T15:38:08.777-04:00| vmx| I120: [msg.suspend.error] Failed to suspend the virtual machine: Unknown error.
2012-04-21T15:38:08.777-04:00| vmx| I120: ----------------------------------------
2012-04-21T15:39:51.765-04:00| vmx| I120: GuestRpcSendTimedOut: message to toolbox timed out.
2012-04-21T15:39:51.765-04:00| vmx| I120: Vix: [984 guestCommands.c:2109]: Error VIX_E_TOOLS_NOT_RUNNING in VMAutomationTranslateGuestRpcError(): VMware Tools are not running in the guest
2012-04-21T15:40:58.036-04:00| vmx| I120: USBGW: Write arbitrator op:13 len:22
2012-04-21T15:40:58.473-04:00| vmx| I120: USBGW: Write arbitrator op:13 len:22
2012-04-21T15:40:59.190-04:00| vmx| I120: USBGW: Write arbitrator op:13 len:22
2012-04-21T15:40:59.456-04:00| vmx| I120: USBGW: Write arbitrator op:13 len:22
2012-04-21T15:40:59.705-04:00| vmx| I120: USBGW: Write arbitrator op:13 len:22
2012-04-21T15:40:59.768-04:00| vmx| I120: USBGW: Write arbitrator op:13 len:22
2012-04-21T15:40:59.830-04:00| vmx| I120: USBGW: Write arbitrator op:13 len:22
2012-04-21T15:41:00.236-04:00| vmx| I120: USBGW: Write arbitrator op:13 len:22
2012-04-21T15:41:05.040-04:00| vmx| I120: USBGW: Write arbitrator op:13 len:22
2012-04-21T15:41:06.554-04:00| mks| I120: Msg_Post: Warning
2012-04-21T15:41:06.554-04:00| mks| I120: [msg.keyboardHook.cad] VMware Player has detected that "Ctrl+Alt+Delete" was typed inside the virtual machine. Even when the virtual machine has control of the keyboard and the mouse, "Ctrl+Alt+Delete" is processed by both the virtual machine and the host operating system.
2012-04-21T15:41:06.554-04:00| mks| I120: [msg.keyboardHook.cad.hotkey] To send "Ctrl+Alt+Delete" only to the virtual machine, type "Ctrl+Alt+Insert" instead.
2012-04-21T15:41:06.554-04:00| mks| I120: ----------------------------------------
2012-04-21T15:41:06.554-04:00| mks| I120: USBGW: Write arbitrator op:13 len:22
2012-04-21T15:41:06.647-04:00| mks| I120: USBGW: Write arbitrator op:13 len:22
2012-04-21T15:41:08.847-04:00| vmx| I120: USBGW: Write arbitrator op:13 len:22
2012-04-21T15:41:16.148-04:00| vmx| I120: SOCKET 1 (1364) recv error 10054: An existing connection was forcibly closed by the remote host
2012-04-21T15:41:16.148-04:00| vmx| I120: Vix: [984 mainDispatch.c:2967]: VMAutomation: Connection Error (1) on connection 0.
2012-04-21T15:41:16.148-04:00| vmx| I120: VmdbPipeStreamsOvlError Couldn't read: (109) The pipe has been ended.
2012-04-21T15:41:16.148-04:00| vmx| I120: VmdbCnxDisconnect: Disconnect: closed pipe for pub cnx '/db/connection/#1/' (-32)
2012-04-21T15:41:16.163-04:00| vmx| I120: VmdbDbRemoveCnx: Removing Cnx from Db for '/db/connection/#1/'
2012-04-21T15:41:16.163-04:00| mks| I120: MKS: Base polling period is 1000000us
2012-04-21T15:41:16.163-04:00| mks| I120: MKS-SWB: Number of MKSWindows changed: 0 rendering MKSWindow(s) of total 0.
